[2025-01-24T09:01:18.228+0900] {processor.py:186} INFO - Started process (PID=12504) to work on /home/harry/airflow/dags/.ipynb_checkpoints/DAG_Inference-checkpoint.py
[2025-01-24T09:01:18.228+0900] {processor.py:914} INFO - Processing file /home/harry/airflow/dags/.ipynb_checkpoints/DAG_Inference-checkpoint.py for tasks to queue
[2025-01-24T09:01:18.229+0900] {logging_mixin.py:190} INFO - [2025-01-24T09:01:18.229+0900] {dagbag.py:588} INFO - Filling up the DagBag from /home/harry/airflow/dags/.ipynb_checkpoints/DAG_Inference-checkpoint.py
[2025-01-24T09:01:20.746+0900] {processor.py:925} INFO - DAG(s) 'DAG_Inference' retrieved from /home/harry/airflow/dags/.ipynb_checkpoints/DAG_Inference-checkpoint.py
[2025-01-24T09:01:20.819+0900] {logging_mixin.py:190} INFO - [2025-01-24T09:01:20.818+0900] {dag.py:3239} INFO - Sync 1 DAGs
[2025-01-24T09:01:20.828+0900] {logging_mixin.py:190} INFO - [2025-01-24T09:01:20.828+0900] {dag.py:4180} INFO - Setting next_dagrun for DAG_Inference to None, run_after=None
[2025-01-24T09:01:20.845+0900] {processor.py:208} INFO - Processing /home/harry/airflow/dags/.ipynb_checkpoints/DAG_Inference-checkpoint.py took 2.621 seconds
[2025-01-24T09:03:52.899+0900] {processor.py:186} INFO - Started process (PID=12936) to work on /home/harry/airflow/dags/.ipynb_checkpoints/DAG_Inference-checkpoint.py
[2025-01-24T09:03:52.906+0900] {processor.py:914} INFO - Processing file /home/harry/airflow/dags/.ipynb_checkpoints/DAG_Inference-checkpoint.py for tasks to queue
[2025-01-24T09:03:52.907+0900] {logging_mixin.py:190} INFO - [2025-01-24T09:03:52.907+0900] {dagbag.py:588} INFO - Filling up the DagBag from /home/harry/airflow/dags/.ipynb_checkpoints/DAG_Inference-checkpoint.py
[2025-01-24T09:03:55.491+0900] {processor.py:925} INFO - DAG(s) 'DAG_Inference' retrieved from /home/harry/airflow/dags/.ipynb_checkpoints/DAG_Inference-checkpoint.py
[2025-01-24T09:03:55.550+0900] {logging_mixin.py:190} INFO - [2025-01-24T09:03:55.550+0900] {dag.py:3239} INFO - Sync 1 DAGs
[2025-01-24T09:03:55.556+0900] {logging_mixin.py:190} INFO - [2025-01-24T09:03:55.556+0900] {dag.py:4180} INFO - Setting next_dagrun for DAG_Inference to None, run_after=None
[2025-01-24T09:03:55.569+0900] {processor.py:208} INFO - Processing /home/harry/airflow/dags/.ipynb_checkpoints/DAG_Inference-checkpoint.py took 2.675 seconds
[2025-01-24T09:06:23.947+0900] {processor.py:186} INFO - Started process (PID=13365) to work on /home/harry/airflow/dags/.ipynb_checkpoints/DAG_Inference-checkpoint.py
[2025-01-24T09:06:23.954+0900] {processor.py:914} INFO - Processing file /home/harry/airflow/dags/.ipynb_checkpoints/DAG_Inference-checkpoint.py for tasks to queue
[2025-01-24T09:06:23.956+0900] {logging_mixin.py:190} INFO - [2025-01-24T09:06:23.955+0900] {dagbag.py:588} INFO - Filling up the DagBag from /home/harry/airflow/dags/.ipynb_checkpoints/DAG_Inference-checkpoint.py
[2025-01-24T09:06:26.529+0900] {processor.py:925} INFO - DAG(s) 'DAG_Inference' retrieved from /home/harry/airflow/dags/.ipynb_checkpoints/DAG_Inference-checkpoint.py
[2025-01-24T09:06:26.595+0900] {logging_mixin.py:190} INFO - [2025-01-24T09:06:26.594+0900] {dag.py:3239} INFO - Sync 1 DAGs
[2025-01-24T09:06:26.602+0900] {logging_mixin.py:190} INFO - [2025-01-24T09:06:26.602+0900] {dag.py:4180} INFO - Setting next_dagrun for DAG_Inference to None, run_after=None
[2025-01-24T09:06:26.618+0900] {processor.py:208} INFO - Processing /home/harry/airflow/dags/.ipynb_checkpoints/DAG_Inference-checkpoint.py took 2.675 seconds
[2025-01-24T09:08:58.476+0900] {processor.py:186} INFO - Started process (PID=13798) to work on /home/harry/airflow/dags/.ipynb_checkpoints/DAG_Inference-checkpoint.py
[2025-01-24T09:08:58.477+0900] {processor.py:914} INFO - Processing file /home/harry/airflow/dags/.ipynb_checkpoints/DAG_Inference-checkpoint.py for tasks to queue
[2025-01-24T09:08:58.478+0900] {logging_mixin.py:190} INFO - [2025-01-24T09:08:58.477+0900] {dagbag.py:588} INFO - Filling up the DagBag from /home/harry/airflow/dags/.ipynb_checkpoints/DAG_Inference-checkpoint.py
[2025-01-24T09:09:01.105+0900] {processor.py:925} INFO - DAG(s) 'DAG_Inference' retrieved from /home/harry/airflow/dags/.ipynb_checkpoints/DAG_Inference-checkpoint.py
[2025-01-24T09:09:01.168+0900] {logging_mixin.py:190} INFO - [2025-01-24T09:09:01.168+0900] {dag.py:3239} INFO - Sync 1 DAGs
[2025-01-24T09:09:01.175+0900] {logging_mixin.py:190} INFO - [2025-01-24T09:09:01.175+0900] {dag.py:4180} INFO - Setting next_dagrun for DAG_Inference to None, run_after=None
[2025-01-24T09:09:01.191+0900] {processor.py:208} INFO - Processing /home/harry/airflow/dags/.ipynb_checkpoints/DAG_Inference-checkpoint.py took 2.719 seconds
[2025-01-24T09:11:30.555+0900] {processor.py:186} INFO - Started process (PID=14228) to work on /home/harry/airflow/dags/.ipynb_checkpoints/DAG_Inference-checkpoint.py
[2025-01-24T09:11:30.562+0900] {processor.py:914} INFO - Processing file /home/harry/airflow/dags/.ipynb_checkpoints/DAG_Inference-checkpoint.py for tasks to queue
[2025-01-24T09:11:30.563+0900] {logging_mixin.py:190} INFO - [2025-01-24T09:11:30.562+0900] {dagbag.py:588} INFO - Filling up the DagBag from /home/harry/airflow/dags/.ipynb_checkpoints/DAG_Inference-checkpoint.py
[2025-01-24T09:11:33.174+0900] {processor.py:925} INFO - DAG(s) 'DAG_Inference' retrieved from /home/harry/airflow/dags/.ipynb_checkpoints/DAG_Inference-checkpoint.py
[2025-01-24T09:11:33.240+0900] {logging_mixin.py:190} INFO - [2025-01-24T09:11:33.240+0900] {dag.py:3239} INFO - Sync 1 DAGs
[2025-01-24T09:11:33.248+0900] {logging_mixin.py:190} INFO - [2025-01-24T09:11:33.248+0900] {dag.py:4180} INFO - Setting next_dagrun for DAG_Inference to None, run_after=None
[2025-01-24T09:11:33.266+0900] {processor.py:208} INFO - Processing /home/harry/airflow/dags/.ipynb_checkpoints/DAG_Inference-checkpoint.py took 2.716 seconds
[2025-01-24T09:14:05.323+0900] {processor.py:186} INFO - Started process (PID=14658) to work on /home/harry/airflow/dags/.ipynb_checkpoints/DAG_Inference-checkpoint.py
[2025-01-24T09:14:05.330+0900] {processor.py:914} INFO - Processing file /home/harry/airflow/dags/.ipynb_checkpoints/DAG_Inference-checkpoint.py for tasks to queue
[2025-01-24T09:14:05.332+0900] {logging_mixin.py:190} INFO - [2025-01-24T09:14:05.331+0900] {dagbag.py:588} INFO - Filling up the DagBag from /home/harry/airflow/dags/.ipynb_checkpoints/DAG_Inference-checkpoint.py
[2025-01-24T09:14:07.811+0900] {processor.py:925} INFO - DAG(s) 'DAG_Inference' retrieved from /home/harry/airflow/dags/.ipynb_checkpoints/DAG_Inference-checkpoint.py
[2025-01-24T09:14:07.873+0900] {logging_mixin.py:190} INFO - [2025-01-24T09:14:07.872+0900] {dag.py:3239} INFO - Sync 1 DAGs
[2025-01-24T09:14:07.881+0900] {logging_mixin.py:190} INFO - [2025-01-24T09:14:07.880+0900] {dag.py:4180} INFO - Setting next_dagrun for DAG_Inference to None, run_after=None
[2025-01-24T09:14:07.895+0900] {processor.py:208} INFO - Processing /home/harry/airflow/dags/.ipynb_checkpoints/DAG_Inference-checkpoint.py took 2.576 seconds
[2025-01-24T09:16:39.161+0900] {processor.py:186} INFO - Started process (PID=15087) to work on /home/harry/airflow/dags/.ipynb_checkpoints/DAG_Inference-checkpoint.py
[2025-01-24T09:16:39.162+0900] {processor.py:914} INFO - Processing file /home/harry/airflow/dags/.ipynb_checkpoints/DAG_Inference-checkpoint.py for tasks to queue
[2025-01-24T09:16:39.163+0900] {logging_mixin.py:190} INFO - [2025-01-24T09:16:39.163+0900] {dagbag.py:588} INFO - Filling up the DagBag from /home/harry/airflow/dags/.ipynb_checkpoints/DAG_Inference-checkpoint.py
[2025-01-24T09:16:41.671+0900] {processor.py:925} INFO - DAG(s) 'DAG_Inference' retrieved from /home/harry/airflow/dags/.ipynb_checkpoints/DAG_Inference-checkpoint.py
[2025-01-24T09:16:41.725+0900] {logging_mixin.py:190} INFO - [2025-01-24T09:16:41.725+0900] {dag.py:3239} INFO - Sync 1 DAGs
[2025-01-24T09:16:41.731+0900] {logging_mixin.py:190} INFO - [2025-01-24T09:16:41.731+0900] {dag.py:4180} INFO - Setting next_dagrun for DAG_Inference to None, run_after=None
[2025-01-24T09:16:41.747+0900] {processor.py:208} INFO - Processing /home/harry/airflow/dags/.ipynb_checkpoints/DAG_Inference-checkpoint.py took 2.590 seconds
[2025-01-24T09:19:14.657+0900] {processor.py:186} INFO - Started process (PID=15517) to work on /home/harry/airflow/dags/.ipynb_checkpoints/DAG_Inference-checkpoint.py
[2025-01-24T09:19:14.658+0900] {processor.py:914} INFO - Processing file /home/harry/airflow/dags/.ipynb_checkpoints/DAG_Inference-checkpoint.py for tasks to queue
[2025-01-24T09:19:14.659+0900] {logging_mixin.py:190} INFO - [2025-01-24T09:19:14.659+0900] {dagbag.py:588} INFO - Filling up the DagBag from /home/harry/airflow/dags/.ipynb_checkpoints/DAG_Inference-checkpoint.py
[2025-01-24T09:19:17.168+0900] {processor.py:925} INFO - DAG(s) 'DAG_Inference' retrieved from /home/harry/airflow/dags/.ipynb_checkpoints/DAG_Inference-checkpoint.py
[2025-01-24T09:19:17.222+0900] {logging_mixin.py:190} INFO - [2025-01-24T09:19:17.221+0900] {dag.py:3239} INFO - Sync 1 DAGs
[2025-01-24T09:19:17.228+0900] {logging_mixin.py:190} INFO - [2025-01-24T09:19:17.228+0900] {dag.py:4180} INFO - Setting next_dagrun for DAG_Inference to None, run_after=None
[2025-01-24T09:19:17.242+0900] {processor.py:208} INFO - Processing /home/harry/airflow/dags/.ipynb_checkpoints/DAG_Inference-checkpoint.py took 2.589 seconds
[2025-01-24T09:21:45.089+0900] {processor.py:186} INFO - Started process (PID=15947) to work on /home/harry/airflow/dags/.ipynb_checkpoints/DAG_Inference-checkpoint.py
[2025-01-24T09:21:45.096+0900] {processor.py:914} INFO - Processing file /home/harry/airflow/dags/.ipynb_checkpoints/DAG_Inference-checkpoint.py for tasks to queue
[2025-01-24T09:21:45.097+0900] {logging_mixin.py:190} INFO - [2025-01-24T09:21:45.097+0900] {dagbag.py:588} INFO - Filling up the DagBag from /home/harry/airflow/dags/.ipynb_checkpoints/DAG_Inference-checkpoint.py
[2025-01-24T09:21:47.520+0900] {processor.py:925} INFO - DAG(s) 'DAG_Inference' retrieved from /home/harry/airflow/dags/.ipynb_checkpoints/DAG_Inference-checkpoint.py
[2025-01-24T09:21:47.580+0900] {logging_mixin.py:190} INFO - [2025-01-24T09:21:47.580+0900] {dag.py:3239} INFO - Sync 1 DAGs
[2025-01-24T09:21:47.588+0900] {logging_mixin.py:190} INFO - [2025-01-24T09:21:47.588+0900] {dag.py:4180} INFO - Setting next_dagrun for DAG_Inference to None, run_after=None
[2025-01-24T09:21:47.603+0900] {processor.py:208} INFO - Processing /home/harry/airflow/dags/.ipynb_checkpoints/DAG_Inference-checkpoint.py took 2.519 seconds
[2025-01-24T09:24:22.852+0900] {processor.py:186} INFO - Started process (PID=16386) to work on /home/harry/airflow/dags/.ipynb_checkpoints/DAG_Inference-checkpoint.py
[2025-01-24T09:24:22.859+0900] {processor.py:914} INFO - Processing file /home/harry/airflow/dags/.ipynb_checkpoints/DAG_Inference-checkpoint.py for tasks to queue
[2025-01-24T09:24:22.860+0900] {logging_mixin.py:190} INFO - [2025-01-24T09:24:22.860+0900] {dagbag.py:588} INFO - Filling up the DagBag from /home/harry/airflow/dags/.ipynb_checkpoints/DAG_Inference-checkpoint.py
[2025-01-24T09:24:25.198+0900] {processor.py:925} INFO - DAG(s) 'DAG_Inference' retrieved from /home/harry/airflow/dags/.ipynb_checkpoints/DAG_Inference-checkpoint.py
[2025-01-24T09:24:25.259+0900] {logging_mixin.py:190} INFO - [2025-01-24T09:24:25.258+0900] {dag.py:3239} INFO - Sync 1 DAGs
[2025-01-24T09:24:25.267+0900] {logging_mixin.py:190} INFO - [2025-01-24T09:24:25.267+0900] {dag.py:4180} INFO - Setting next_dagrun for DAG_Inference to None, run_after=None
[2025-01-24T09:24:25.281+0900] {processor.py:208} INFO - Processing /home/harry/airflow/dags/.ipynb_checkpoints/DAG_Inference-checkpoint.py took 2.433 seconds
[2025-01-24T09:26:53.571+0900] {processor.py:186} INFO - Started process (PID=16815) to work on /home/harry/airflow/dags/.ipynb_checkpoints/DAG_Inference-checkpoint.py
[2025-01-24T09:26:53.578+0900] {processor.py:914} INFO - Processing file /home/harry/airflow/dags/.ipynb_checkpoints/DAG_Inference-checkpoint.py for tasks to queue
[2025-01-24T09:26:53.579+0900] {logging_mixin.py:190} INFO - [2025-01-24T09:26:53.579+0900] {dagbag.py:588} INFO - Filling up the DagBag from /home/harry/airflow/dags/.ipynb_checkpoints/DAG_Inference-checkpoint.py
[2025-01-24T09:26:56.104+0900] {processor.py:925} INFO - DAG(s) 'DAG_Inference' retrieved from /home/harry/airflow/dags/.ipynb_checkpoints/DAG_Inference-checkpoint.py
[2025-01-24T09:26:56.159+0900] {logging_mixin.py:190} INFO - [2025-01-24T09:26:56.158+0900] {dag.py:3239} INFO - Sync 1 DAGs
[2025-01-24T09:26:56.164+0900] {logging_mixin.py:190} INFO - [2025-01-24T09:26:56.164+0900] {dag.py:4180} INFO - Setting next_dagrun for DAG_Inference to None, run_after=None
[2025-01-24T09:26:56.179+0900] {processor.py:208} INFO - Processing /home/harry/airflow/dags/.ipynb_checkpoints/DAG_Inference-checkpoint.py took 2.612 seconds
[2025-01-24T09:29:16.908+0900] {processor.py:186} INFO - Started process (PID=17234) to work on /home/harry/airflow/dags/.ipynb_checkpoints/DAG_Inference-checkpoint.py
[2025-01-24T09:29:16.915+0900] {processor.py:914} INFO - Processing file /home/harry/airflow/dags/.ipynb_checkpoints/DAG_Inference-checkpoint.py for tasks to queue
[2025-01-24T09:29:16.916+0900] {logging_mixin.py:190} INFO - [2025-01-24T09:29:16.916+0900] {dagbag.py:588} INFO - Filling up the DagBag from /home/harry/airflow/dags/.ipynb_checkpoints/DAG_Inference-checkpoint.py
[2025-01-24T09:29:19.264+0900] {processor.py:925} INFO - DAG(s) 'DAG_Inference' retrieved from /home/harry/airflow/dags/.ipynb_checkpoints/DAG_Inference-checkpoint.py
[2025-01-24T09:29:19.320+0900] {logging_mixin.py:190} INFO - [2025-01-24T09:29:19.319+0900] {dag.py:3239} INFO - Sync 1 DAGs
[2025-01-24T09:29:19.326+0900] {logging_mixin.py:190} INFO - [2025-01-24T09:29:19.326+0900] {dag.py:4180} INFO - Setting next_dagrun for DAG_Inference to None, run_after=None
[2025-01-24T09:29:19.340+0900] {processor.py:208} INFO - Processing /home/harry/airflow/dags/.ipynb_checkpoints/DAG_Inference-checkpoint.py took 2.435 seconds
[2025-01-24T09:32:11.256+0900] {processor.py:186} INFO - Started process (PID=17686) to work on /home/harry/airflow/dags/.ipynb_checkpoints/DAG_Inference-checkpoint.py
[2025-01-24T09:32:11.264+0900] {processor.py:914} INFO - Processing file /home/harry/airflow/dags/.ipynb_checkpoints/DAG_Inference-checkpoint.py for tasks to queue
[2025-01-24T09:32:11.267+0900] {logging_mixin.py:190} INFO - [2025-01-24T09:32:11.266+0900] {dagbag.py:588} INFO - Filling up the DagBag from /home/harry/airflow/dags/.ipynb_checkpoints/DAG_Inference-checkpoint.py
[2025-01-24T09:32:14.483+0900] {processor.py:925} INFO - DAG(s) 'DAG_Inference' retrieved from /home/harry/airflow/dags/.ipynb_checkpoints/DAG_Inference-checkpoint.py
[2025-01-24T09:32:14.610+0900] {logging_mixin.py:190} INFO - [2025-01-24T09:32:14.609+0900] {dag.py:3239} INFO - Sync 1 DAGs
[2025-01-24T09:32:14.623+0900] {logging_mixin.py:190} INFO - [2025-01-24T09:32:14.622+0900] {dag.py:4180} INFO - Setting next_dagrun for DAG_Inference to None, run_after=None
[2025-01-24T09:32:14.649+0900] {processor.py:208} INFO - Processing /home/harry/airflow/dags/.ipynb_checkpoints/DAG_Inference-checkpoint.py took 3.403 seconds
[2025-01-24T09:35:09.094+0900] {processor.py:186} INFO - Started process (PID=18136) to work on /home/harry/airflow/dags/.ipynb_checkpoints/DAG_Inference-checkpoint.py
[2025-01-24T09:35:09.102+0900] {processor.py:914} INFO - Processing file /home/harry/airflow/dags/.ipynb_checkpoints/DAG_Inference-checkpoint.py for tasks to queue
[2025-01-24T09:35:09.103+0900] {logging_mixin.py:190} INFO - [2025-01-24T09:35:09.103+0900] {dagbag.py:588} INFO - Filling up the DagBag from /home/harry/airflow/dags/.ipynb_checkpoints/DAG_Inference-checkpoint.py
[2025-01-24T09:35:11.980+0900] {processor.py:925} INFO - DAG(s) 'DAG_Inference' retrieved from /home/harry/airflow/dags/.ipynb_checkpoints/DAG_Inference-checkpoint.py
[2025-01-24T09:35:12.068+0900] {logging_mixin.py:190} INFO - [2025-01-24T09:35:12.068+0900] {dag.py:3239} INFO - Sync 1 DAGs
[2025-01-24T09:35:12.076+0900] {logging_mixin.py:190} INFO - [2025-01-24T09:35:12.076+0900] {dag.py:4180} INFO - Setting next_dagrun for DAG_Inference to None, run_after=None
[2025-01-24T09:35:12.097+0900] {processor.py:208} INFO - Processing /home/harry/airflow/dags/.ipynb_checkpoints/DAG_Inference-checkpoint.py took 3.009 seconds
[2025-01-24T09:38:01.252+0900] {processor.py:186} INFO - Started process (PID=18560) to work on /home/harry/airflow/dags/.ipynb_checkpoints/DAG_Inference-checkpoint.py
[2025-01-24T09:38:01.260+0900] {processor.py:914} INFO - Processing file /home/harry/airflow/dags/.ipynb_checkpoints/DAG_Inference-checkpoint.py for tasks to queue
[2025-01-24T09:38:01.262+0900] {logging_mixin.py:190} INFO - [2025-01-24T09:38:01.261+0900] {dagbag.py:588} INFO - Filling up the DagBag from /home/harry/airflow/dags/.ipynb_checkpoints/DAG_Inference-checkpoint.py
[2025-01-24T09:38:04.138+0900] {processor.py:925} INFO - DAG(s) 'DAG_Inference' retrieved from /home/harry/airflow/dags/.ipynb_checkpoints/DAG_Inference-checkpoint.py
[2025-01-24T09:38:04.214+0900] {logging_mixin.py:190} INFO - [2025-01-24T09:38:04.214+0900] {dag.py:3239} INFO - Sync 1 DAGs
[2025-01-24T09:38:04.221+0900] {logging_mixin.py:190} INFO - [2025-01-24T09:38:04.221+0900] {dag.py:4180} INFO - Setting next_dagrun for DAG_Inference to None, run_after=None
[2025-01-24T09:38:04.236+0900] {processor.py:208} INFO - Processing /home/harry/airflow/dags/.ipynb_checkpoints/DAG_Inference-checkpoint.py took 2.991 seconds
[2025-01-24T09:40:59.625+0900] {processor.py:186} INFO - Started process (PID=18995) to work on /home/harry/airflow/dags/.ipynb_checkpoints/DAG_Inference-checkpoint.py
[2025-01-24T09:40:59.627+0900] {processor.py:914} INFO - Processing file /home/harry/airflow/dags/.ipynb_checkpoints/DAG_Inference-checkpoint.py for tasks to queue
[2025-01-24T09:40:59.629+0900] {logging_mixin.py:190} INFO - [2025-01-24T09:40:59.628+0900] {dagbag.py:588} INFO - Filling up the DagBag from /home/harry/airflow/dags/.ipynb_checkpoints/DAG_Inference-checkpoint.py
[2025-01-24T09:41:02.532+0900] {processor.py:925} INFO - DAG(s) 'DAG_Inference' retrieved from /home/harry/airflow/dags/.ipynb_checkpoints/DAG_Inference-checkpoint.py
[2025-01-24T09:41:02.600+0900] {logging_mixin.py:190} INFO - [2025-01-24T09:41:02.600+0900] {dag.py:3239} INFO - Sync 1 DAGs
[2025-01-24T09:41:02.608+0900] {logging_mixin.py:190} INFO - [2025-01-24T09:41:02.607+0900] {dag.py:4180} INFO - Setting next_dagrun for DAG_Inference to None, run_after=None
[2025-01-24T09:41:02.630+0900] {processor.py:208} INFO - Processing /home/harry/airflow/dags/.ipynb_checkpoints/DAG_Inference-checkpoint.py took 3.014 seconds
[2025-01-24T09:43:51.163+0900] {processor.py:186} INFO - Started process (PID=19419) to work on /home/harry/airflow/dags/.ipynb_checkpoints/DAG_Inference-checkpoint.py
[2025-01-24T09:43:51.171+0900] {processor.py:914} INFO - Processing file /home/harry/airflow/dags/.ipynb_checkpoints/DAG_Inference-checkpoint.py for tasks to queue
[2025-01-24T09:43:51.172+0900] {logging_mixin.py:190} INFO - [2025-01-24T09:43:51.172+0900] {dagbag.py:588} INFO - Filling up the DagBag from /home/harry/airflow/dags/.ipynb_checkpoints/DAG_Inference-checkpoint.py
[2025-01-24T09:43:54.135+0900] {processor.py:925} INFO - DAG(s) 'DAG_Inference' retrieved from /home/harry/airflow/dags/.ipynb_checkpoints/DAG_Inference-checkpoint.py
[2025-01-24T09:43:54.200+0900] {logging_mixin.py:190} INFO - [2025-01-24T09:43:54.199+0900] {dag.py:3239} INFO - Sync 1 DAGs
[2025-01-24T09:43:54.207+0900] {logging_mixin.py:190} INFO - [2025-01-24T09:43:54.207+0900] {dag.py:4180} INFO - Setting next_dagrun for DAG_Inference to None, run_after=None
[2025-01-24T09:43:54.223+0900] {processor.py:208} INFO - Processing /home/harry/airflow/dags/.ipynb_checkpoints/DAG_Inference-checkpoint.py took 3.067 seconds
[2025-01-24T09:46:39.952+0900] {processor.py:186} INFO - Started process (PID=19843) to work on /home/harry/airflow/dags/.ipynb_checkpoints/DAG_Inference-checkpoint.py
[2025-01-24T09:46:39.953+0900] {processor.py:914} INFO - Processing file /home/harry/airflow/dags/.ipynb_checkpoints/DAG_Inference-checkpoint.py for tasks to queue
[2025-01-24T09:46:39.955+0900] {logging_mixin.py:190} INFO - [2025-01-24T09:46:39.954+0900] {dagbag.py:588} INFO - Filling up the DagBag from /home/harry/airflow/dags/.ipynb_checkpoints/DAG_Inference-checkpoint.py
[2025-01-24T09:46:42.853+0900] {processor.py:925} INFO - DAG(s) 'DAG_Inference' retrieved from /home/harry/airflow/dags/.ipynb_checkpoints/DAG_Inference-checkpoint.py
[2025-01-24T09:46:42.954+0900] {logging_mixin.py:190} INFO - [2025-01-24T09:46:42.953+0900] {dag.py:3239} INFO - Sync 1 DAGs
[2025-01-24T09:46:42.961+0900] {logging_mixin.py:190} INFO - [2025-01-24T09:46:42.961+0900] {dag.py:4180} INFO - Setting next_dagrun for DAG_Inference to None, run_after=None
[2025-01-24T09:46:42.981+0900] {processor.py:208} INFO - Processing /home/harry/airflow/dags/.ipynb_checkpoints/DAG_Inference-checkpoint.py took 3.037 seconds
[2025-01-24T09:49:35.762+0900] {processor.py:186} INFO - Started process (PID=20277) to work on /home/harry/airflow/dags/.ipynb_checkpoints/DAG_Inference-checkpoint.py
[2025-01-24T09:49:35.763+0900] {processor.py:914} INFO - Processing file /home/harry/airflow/dags/.ipynb_checkpoints/DAG_Inference-checkpoint.py for tasks to queue
[2025-01-24T09:49:35.764+0900] {logging_mixin.py:190} INFO - [2025-01-24T09:49:35.764+0900] {dagbag.py:588} INFO - Filling up the DagBag from /home/harry/airflow/dags/.ipynb_checkpoints/DAG_Inference-checkpoint.py
[2025-01-24T09:49:38.705+0900] {processor.py:925} INFO - DAG(s) 'DAG_Inference' retrieved from /home/harry/airflow/dags/.ipynb_checkpoints/DAG_Inference-checkpoint.py
[2025-01-24T09:49:38.770+0900] {logging_mixin.py:190} INFO - [2025-01-24T09:49:38.769+0900] {dag.py:3239} INFO - Sync 1 DAGs
[2025-01-24T09:49:38.778+0900] {logging_mixin.py:190} INFO - [2025-01-24T09:49:38.777+0900] {dag.py:4180} INFO - Setting next_dagrun for DAG_Inference to None, run_after=None
[2025-01-24T09:49:38.961+0900] {processor.py:208} INFO - Processing /home/harry/airflow/dags/.ipynb_checkpoints/DAG_Inference-checkpoint.py took 3.206 seconds
[2025-01-24T09:52:35.387+0900] {processor.py:186} INFO - Started process (PID=20702) to work on /home/harry/airflow/dags/.ipynb_checkpoints/DAG_Inference-checkpoint.py
[2025-01-24T09:52:35.388+0900] {processor.py:914} INFO - Processing file /home/harry/airflow/dags/.ipynb_checkpoints/DAG_Inference-checkpoint.py for tasks to queue
[2025-01-24T09:52:35.390+0900] {logging_mixin.py:190} INFO - [2025-01-24T09:52:35.389+0900] {dagbag.py:588} INFO - Filling up the DagBag from /home/harry/airflow/dags/.ipynb_checkpoints/DAG_Inference-checkpoint.py
[2025-01-24T09:52:38.504+0900] {processor.py:925} INFO - DAG(s) 'DAG_Inference' retrieved from /home/harry/airflow/dags/.ipynb_checkpoints/DAG_Inference-checkpoint.py
[2025-01-24T09:52:38.728+0900] {logging_mixin.py:190} INFO - [2025-01-24T09:52:38.728+0900] {dag.py:3239} INFO - Sync 1 DAGs
[2025-01-24T09:52:38.744+0900] {logging_mixin.py:190} INFO - [2025-01-24T09:52:38.744+0900] {dag.py:4180} INFO - Setting next_dagrun for DAG_Inference to None, run_after=None
[2025-01-24T09:52:38.772+0900] {processor.py:208} INFO - Processing /home/harry/airflow/dags/.ipynb_checkpoints/DAG_Inference-checkpoint.py took 3.392 seconds
[2025-01-24T09:55:33.756+0900] {processor.py:186} INFO - Started process (PID=21136) to work on /home/harry/airflow/dags/.ipynb_checkpoints/DAG_Inference-checkpoint.py
[2025-01-24T09:55:33.764+0900] {processor.py:914} INFO - Processing file /home/harry/airflow/dags/.ipynb_checkpoints/DAG_Inference-checkpoint.py for tasks to queue
[2025-01-24T09:55:33.765+0900] {logging_mixin.py:190} INFO - [2025-01-24T09:55:33.765+0900] {dagbag.py:588} INFO - Filling up the DagBag from /home/harry/airflow/dags/.ipynb_checkpoints/DAG_Inference-checkpoint.py
[2025-01-24T09:55:36.731+0900] {processor.py:925} INFO - DAG(s) 'DAG_Inference' retrieved from /home/harry/airflow/dags/.ipynb_checkpoints/DAG_Inference-checkpoint.py
[2025-01-24T09:55:36.952+0900] {logging_mixin.py:190} INFO - [2025-01-24T09:55:36.952+0900] {dag.py:3239} INFO - Sync 1 DAGs
[2025-01-24T09:55:36.961+0900] {logging_mixin.py:190} INFO - [2025-01-24T09:55:36.961+0900] {dag.py:4180} INFO - Setting next_dagrun for DAG_Inference to None, run_after=None
[2025-01-24T09:55:36.981+0900] {processor.py:208} INFO - Processing /home/harry/airflow/dags/.ipynb_checkpoints/DAG_Inference-checkpoint.py took 3.230 seconds
[2025-01-24T09:58:34.630+0900] {processor.py:186} INFO - Started process (PID=21570) to work on /home/harry/airflow/dags/.ipynb_checkpoints/DAG_Inference-checkpoint.py
[2025-01-24T09:58:34.638+0900] {processor.py:914} INFO - Processing file /home/harry/airflow/dags/.ipynb_checkpoints/DAG_Inference-checkpoint.py for tasks to queue
[2025-01-24T09:58:34.639+0900] {logging_mixin.py:190} INFO - [2025-01-24T09:58:34.639+0900] {dagbag.py:588} INFO - Filling up the DagBag from /home/harry/airflow/dags/.ipynb_checkpoints/DAG_Inference-checkpoint.py
[2025-01-24T09:58:37.677+0900] {processor.py:925} INFO - DAG(s) 'DAG_Inference' retrieved from /home/harry/airflow/dags/.ipynb_checkpoints/DAG_Inference-checkpoint.py
[2025-01-24T09:58:37.748+0900] {logging_mixin.py:190} INFO - [2025-01-24T09:58:37.747+0900] {dag.py:3239} INFO - Sync 1 DAGs
[2025-01-24T09:58:37.756+0900] {logging_mixin.py:190} INFO - [2025-01-24T09:58:37.756+0900] {dag.py:4180} INFO - Setting next_dagrun for DAG_Inference to None, run_after=None
[2025-01-24T09:58:37.772+0900] {processor.py:208} INFO - Processing /home/harry/airflow/dags/.ipynb_checkpoints/DAG_Inference-checkpoint.py took 3.149 seconds
[2025-01-24T10:01:29.297+0900] {processor.py:186} INFO - Started process (PID=21995) to work on /home/harry/airflow/dags/.ipynb_checkpoints/DAG_Inference-checkpoint.py
[2025-01-24T10:01:29.304+0900] {processor.py:914} INFO - Processing file /home/harry/airflow/dags/.ipynb_checkpoints/DAG_Inference-checkpoint.py for tasks to queue
[2025-01-24T10:01:29.306+0900] {logging_mixin.py:190} INFO - [2025-01-24T10:01:29.305+0900] {dagbag.py:588} INFO - Filling up the DagBag from /home/harry/airflow/dags/.ipynb_checkpoints/DAG_Inference-checkpoint.py
[2025-01-24T10:01:32.432+0900] {processor.py:925} INFO - DAG(s) 'DAG_Inference' retrieved from /home/harry/airflow/dags/.ipynb_checkpoints/DAG_Inference-checkpoint.py
[2025-01-24T10:01:32.500+0900] {logging_mixin.py:190} INFO - [2025-01-24T10:01:32.499+0900] {dag.py:3239} INFO - Sync 1 DAGs
[2025-01-24T10:01:32.508+0900] {logging_mixin.py:190} INFO - [2025-01-24T10:01:32.508+0900] {dag.py:4180} INFO - Setting next_dagrun for DAG_Inference to None, run_after=None
[2025-01-24T10:01:32.525+0900] {processor.py:208} INFO - Processing /home/harry/airflow/dags/.ipynb_checkpoints/DAG_Inference-checkpoint.py took 3.234 seconds
[2025-01-24T10:03:01.946+0900] {processor.py:186} INFO - Started process (PID=22214) to work on /home/harry/airflow/dags/.ipynb_checkpoints/DAG_Inference-checkpoint.py
[2025-01-24T10:03:01.953+0900] {processor.py:914} INFO - Processing file /home/harry/airflow/dags/.ipynb_checkpoints/DAG_Inference-checkpoint.py for tasks to queue
[2025-01-24T10:03:01.955+0900] {logging_mixin.py:190} INFO - [2025-01-24T10:03:01.954+0900] {dagbag.py:588} INFO - Filling up the DagBag from /home/harry/airflow/dags/.ipynb_checkpoints/DAG_Inference-checkpoint.py
[2025-01-24T10:03:05.086+0900] {processor.py:925} INFO - DAG(s) 'DAG_Inference' retrieved from /home/harry/airflow/dags/.ipynb_checkpoints/DAG_Inference-checkpoint.py
[2025-01-24T10:03:05.092+0900] {logging_mixin.py:190} INFO - [2025-01-24T10:03:05.092+0900] {dag.py:3239} INFO - Sync 1 DAGs
[2025-01-24T10:03:05.101+0900] {logging_mixin.py:190} INFO - [2025-01-24T10:03:05.101+0900] {dag.py:4180} INFO - Setting next_dagrun for DAG_Inference to None, run_after=None
[2025-01-24T10:03:05.117+0900] {processor.py:208} INFO - Processing /home/harry/airflow/dags/.ipynb_checkpoints/DAG_Inference-checkpoint.py took 3.178 seconds
[2025-01-24T10:05:58.052+0900] {processor.py:186} INFO - Started process (PID=22638) to work on /home/harry/airflow/dags/.ipynb_checkpoints/DAG_Inference-checkpoint.py
[2025-01-24T10:05:58.060+0900] {processor.py:914} INFO - Processing file /home/harry/airflow/dags/.ipynb_checkpoints/DAG_Inference-checkpoint.py for tasks to queue
[2025-01-24T10:05:58.061+0900] {logging_mixin.py:190} INFO - [2025-01-24T10:05:58.061+0900] {dagbag.py:588} INFO - Filling up the DagBag from /home/harry/airflow/dags/.ipynb_checkpoints/DAG_Inference-checkpoint.py
[2025-01-24T10:06:01.125+0900] {processor.py:925} INFO - DAG(s) 'DAG_Inference' retrieved from /home/harry/airflow/dags/.ipynb_checkpoints/DAG_Inference-checkpoint.py
[2025-01-24T10:06:01.192+0900] {logging_mixin.py:190} INFO - [2025-01-24T10:06:01.192+0900] {dag.py:3239} INFO - Sync 1 DAGs
[2025-01-24T10:06:01.200+0900] {logging_mixin.py:190} INFO - [2025-01-24T10:06:01.200+0900] {dag.py:4180} INFO - Setting next_dagrun for DAG_Inference to None, run_after=None
[2025-01-24T10:06:01.217+0900] {processor.py:208} INFO - Processing /home/harry/airflow/dags/.ipynb_checkpoints/DAG_Inference-checkpoint.py took 3.171 seconds
[2025-01-24T10:07:29.420+0900] {processor.py:186} INFO - Started process (PID=22863) to work on /home/harry/airflow/dags/.ipynb_checkpoints/DAG_Inference-checkpoint.py
[2025-01-24T10:07:29.435+0900] {processor.py:914} INFO - Processing file /home/harry/airflow/dags/.ipynb_checkpoints/DAG_Inference-checkpoint.py for tasks to queue
[2025-01-24T10:07:29.436+0900] {logging_mixin.py:190} INFO - [2025-01-24T10:07:29.436+0900] {dagbag.py:588} INFO - Filling up the DagBag from /home/harry/airflow/dags/.ipynb_checkpoints/DAG_Inference-checkpoint.py
[2025-01-24T10:07:32.394+0900] {processor.py:925} INFO - DAG(s) 'DAG_Inference' retrieved from /home/harry/airflow/dags/.ipynb_checkpoints/DAG_Inference-checkpoint.py
[2025-01-24T10:07:32.401+0900] {logging_mixin.py:190} INFO - [2025-01-24T10:07:32.400+0900] {dag.py:3239} INFO - Sync 1 DAGs
[2025-01-24T10:07:32.410+0900] {logging_mixin.py:190} INFO - [2025-01-24T10:07:32.410+0900] {dag.py:4180} INFO - Setting next_dagrun for DAG_Inference to None, run_after=None
[2025-01-24T10:07:32.427+0900] {processor.py:208} INFO - Processing /home/harry/airflow/dags/.ipynb_checkpoints/DAG_Inference-checkpoint.py took 3.014 seconds
[2025-01-24T10:10:32.005+0900] {processor.py:186} INFO - Started process (PID=23298) to work on /home/harry/airflow/dags/.ipynb_checkpoints/DAG_Inference-checkpoint.py
[2025-01-24T10:10:32.014+0900] {processor.py:914} INFO - Processing file /home/harry/airflow/dags/.ipynb_checkpoints/DAG_Inference-checkpoint.py for tasks to queue
[2025-01-24T10:10:32.016+0900] {logging_mixin.py:190} INFO - [2025-01-24T10:10:32.015+0900] {dagbag.py:588} INFO - Filling up the DagBag from /home/harry/airflow/dags/.ipynb_checkpoints/DAG_Inference-checkpoint.py
[2025-01-24T10:10:35.057+0900] {processor.py:925} INFO - DAG(s) 'DAG_Inference' retrieved from /home/harry/airflow/dags/.ipynb_checkpoints/DAG_Inference-checkpoint.py
[2025-01-24T10:10:35.138+0900] {logging_mixin.py:190} INFO - [2025-01-24T10:10:35.137+0900] {dag.py:3239} INFO - Sync 1 DAGs
[2025-01-24T10:10:35.145+0900] {logging_mixin.py:190} INFO - [2025-01-24T10:10:35.145+0900] {dag.py:4180} INFO - Setting next_dagrun for DAG_Inference to None, run_after=None
[2025-01-24T10:10:35.165+0900] {processor.py:208} INFO - Processing /home/harry/airflow/dags/.ipynb_checkpoints/DAG_Inference-checkpoint.py took 3.170 seconds
[2025-01-24T10:13:34.170+0900] {processor.py:186} INFO - Started process (PID=23733) to work on /home/harry/airflow/dags/.ipynb_checkpoints/DAG_Inference-checkpoint.py
[2025-01-24T10:13:34.178+0900] {processor.py:914} INFO - Processing file /home/harry/airflow/dags/.ipynb_checkpoints/DAG_Inference-checkpoint.py for tasks to queue
[2025-01-24T10:13:34.180+0900] {logging_mixin.py:190} INFO - [2025-01-24T10:13:34.180+0900] {dagbag.py:588} INFO - Filling up the DagBag from /home/harry/airflow/dags/.ipynb_checkpoints/DAG_Inference-checkpoint.py
[2025-01-24T10:13:37.067+0900] {processor.py:925} INFO - DAG(s) 'DAG_Inference' retrieved from /home/harry/airflow/dags/.ipynb_checkpoints/DAG_Inference-checkpoint.py
[2025-01-24T10:13:37.138+0900] {logging_mixin.py:190} INFO - [2025-01-24T10:13:37.138+0900] {dag.py:3239} INFO - Sync 1 DAGs
[2025-01-24T10:13:37.146+0900] {logging_mixin.py:190} INFO - [2025-01-24T10:13:37.146+0900] {dag.py:4180} INFO - Setting next_dagrun for DAG_Inference to None, run_after=None
[2025-01-24T10:13:37.164+0900] {processor.py:208} INFO - Processing /home/harry/airflow/dags/.ipynb_checkpoints/DAG_Inference-checkpoint.py took 2.999 seconds
[2025-01-24T10:16:31.232+0900] {processor.py:186} INFO - Started process (PID=24167) to work on /home/harry/airflow/dags/.ipynb_checkpoints/DAG_Inference-checkpoint.py
[2025-01-24T10:16:31.239+0900] {processor.py:914} INFO - Processing file /home/harry/airflow/dags/.ipynb_checkpoints/DAG_Inference-checkpoint.py for tasks to queue
[2025-01-24T10:16:31.240+0900] {logging_mixin.py:190} INFO - [2025-01-24T10:16:31.240+0900] {dagbag.py:588} INFO - Filling up the DagBag from /home/harry/airflow/dags/.ipynb_checkpoints/DAG_Inference-checkpoint.py
[2025-01-24T10:16:34.252+0900] {processor.py:925} INFO - DAG(s) 'DAG_Inference' retrieved from /home/harry/airflow/dags/.ipynb_checkpoints/DAG_Inference-checkpoint.py
[2025-01-24T10:16:34.326+0900] {logging_mixin.py:190} INFO - [2025-01-24T10:16:34.326+0900] {dag.py:3239} INFO - Sync 1 DAGs
[2025-01-24T10:16:34.334+0900] {logging_mixin.py:190} INFO - [2025-01-24T10:16:34.333+0900] {dag.py:4180} INFO - Setting next_dagrun for DAG_Inference to None, run_after=None
[2025-01-24T10:16:34.352+0900] {processor.py:208} INFO - Processing /home/harry/airflow/dags/.ipynb_checkpoints/DAG_Inference-checkpoint.py took 3.126 seconds
[2025-01-24T10:19:30.406+0900] {processor.py:186} INFO - Started process (PID=24601) to work on /home/harry/airflow/dags/.ipynb_checkpoints/DAG_Inference-checkpoint.py
[2025-01-24T10:19:30.413+0900] {processor.py:914} INFO - Processing file /home/harry/airflow/dags/.ipynb_checkpoints/DAG_Inference-checkpoint.py for tasks to queue
[2025-01-24T10:19:30.415+0900] {logging_mixin.py:190} INFO - [2025-01-24T10:19:30.415+0900] {dagbag.py:588} INFO - Filling up the DagBag from /home/harry/airflow/dags/.ipynb_checkpoints/DAG_Inference-checkpoint.py
[2025-01-24T10:19:33.324+0900] {processor.py:925} INFO - DAG(s) 'DAG_Inference' retrieved from /home/harry/airflow/dags/.ipynb_checkpoints/DAG_Inference-checkpoint.py
[2025-01-24T10:19:33.391+0900] {logging_mixin.py:190} INFO - [2025-01-24T10:19:33.390+0900] {dag.py:3239} INFO - Sync 1 DAGs
[2025-01-24T10:19:33.398+0900] {logging_mixin.py:190} INFO - [2025-01-24T10:19:33.398+0900] {dag.py:4180} INFO - Setting next_dagrun for DAG_Inference to None, run_after=None
[2025-01-24T10:19:33.418+0900] {processor.py:208} INFO - Processing /home/harry/airflow/dags/.ipynb_checkpoints/DAG_Inference-checkpoint.py took 3.019 seconds
[2025-01-24T10:22:25.038+0900] {processor.py:186} INFO - Started process (PID=25026) to work on /home/harry/airflow/dags/.ipynb_checkpoints/DAG_Inference-checkpoint.py
[2025-01-24T10:22:25.039+0900] {processor.py:914} INFO - Processing file /home/harry/airflow/dags/.ipynb_checkpoints/DAG_Inference-checkpoint.py for tasks to queue
[2025-01-24T10:22:25.041+0900] {logging_mixin.py:190} INFO - [2025-01-24T10:22:25.041+0900] {dagbag.py:588} INFO - Filling up the DagBag from /home/harry/airflow/dags/.ipynb_checkpoints/DAG_Inference-checkpoint.py
[2025-01-24T10:22:28.378+0900] {processor.py:925} INFO - DAG(s) 'DAG_Inference' retrieved from /home/harry/airflow/dags/.ipynb_checkpoints/DAG_Inference-checkpoint.py
[2025-01-24T10:22:28.447+0900] {logging_mixin.py:190} INFO - [2025-01-24T10:22:28.446+0900] {dag.py:3239} INFO - Sync 1 DAGs
[2025-01-24T10:22:28.457+0900] {logging_mixin.py:190} INFO - [2025-01-24T10:22:28.457+0900] {dag.py:4180} INFO - Setting next_dagrun for DAG_Inference to None, run_after=None
[2025-01-24T10:22:28.476+0900] {processor.py:208} INFO - Processing /home/harry/airflow/dags/.ipynb_checkpoints/DAG_Inference-checkpoint.py took 3.447 seconds
[2025-01-24T10:25:19.678+0900] {processor.py:186} INFO - Started process (PID=25450) to work on /home/harry/airflow/dags/.ipynb_checkpoints/DAG_Inference-checkpoint.py
[2025-01-24T10:25:19.685+0900] {processor.py:914} INFO - Processing file /home/harry/airflow/dags/.ipynb_checkpoints/DAG_Inference-checkpoint.py for tasks to queue
[2025-01-24T10:25:19.687+0900] {logging_mixin.py:190} INFO - [2025-01-24T10:25:19.686+0900] {dagbag.py:588} INFO - Filling up the DagBag from /home/harry/airflow/dags/.ipynb_checkpoints/DAG_Inference-checkpoint.py
[2025-01-24T10:25:22.618+0900] {processor.py:925} INFO - DAG(s) 'DAG_Inference' retrieved from /home/harry/airflow/dags/.ipynb_checkpoints/DAG_Inference-checkpoint.py
[2025-01-24T10:25:22.686+0900] {logging_mixin.py:190} INFO - [2025-01-24T10:25:22.685+0900] {dag.py:3239} INFO - Sync 1 DAGs
[2025-01-24T10:25:22.695+0900] {logging_mixin.py:190} INFO - [2025-01-24T10:25:22.695+0900] {dag.py:4180} INFO - Setting next_dagrun for DAG_Inference to None, run_after=None
[2025-01-24T10:25:22.714+0900] {processor.py:208} INFO - Processing /home/harry/airflow/dags/.ipynb_checkpoints/DAG_Inference-checkpoint.py took 3.042 seconds
[2025-01-24T10:26:55.979+0900] {processor.py:186} INFO - Started process (PID=25671) to work on /home/harry/airflow/dags/.ipynb_checkpoints/DAG_Inference-checkpoint.py
[2025-01-24T10:26:55.986+0900] {processor.py:914} INFO - Processing file /home/harry/airflow/dags/.ipynb_checkpoints/DAG_Inference-checkpoint.py for tasks to queue
[2025-01-24T10:26:55.988+0900] {logging_mixin.py:190} INFO - [2025-01-24T10:26:55.987+0900] {dagbag.py:588} INFO - Filling up the DagBag from /home/harry/airflow/dags/.ipynb_checkpoints/DAG_Inference-checkpoint.py
[2025-01-24T10:26:58.582+0900] {processor.py:925} INFO - DAG(s) 'DAG_Inference' retrieved from /home/harry/airflow/dags/.ipynb_checkpoints/DAG_Inference-checkpoint.py
[2025-01-24T10:26:58.589+0900] {logging_mixin.py:190} INFO - [2025-01-24T10:26:58.588+0900] {dag.py:3239} INFO - Sync 1 DAGs
[2025-01-24T10:26:58.597+0900] {logging_mixin.py:190} INFO - [2025-01-24T10:26:58.596+0900] {dag.py:4180} INFO - Setting next_dagrun for DAG_Inference to None, run_after=None
[2025-01-24T10:26:58.613+0900] {processor.py:208} INFO - Processing /home/harry/airflow/dags/.ipynb_checkpoints/DAG_Inference-checkpoint.py took 2.640 seconds
[2025-01-24T10:29:32.892+0900] {processor.py:186} INFO - Started process (PID=26100) to work on /home/harry/airflow/dags/.ipynb_checkpoints/DAG_Inference-checkpoint.py
[2025-01-24T10:29:32.893+0900] {processor.py:914} INFO - Processing file /home/harry/airflow/dags/.ipynb_checkpoints/DAG_Inference-checkpoint.py for tasks to queue
[2025-01-24T10:29:32.894+0900] {logging_mixin.py:190} INFO - [2025-01-24T10:29:32.894+0900] {dagbag.py:588} INFO - Filling up the DagBag from /home/harry/airflow/dags/.ipynb_checkpoints/DAG_Inference-checkpoint.py
[2025-01-24T10:29:35.799+0900] {processor.py:925} INFO - DAG(s) 'DAG_Inference' retrieved from /home/harry/airflow/dags/.ipynb_checkpoints/DAG_Inference-checkpoint.py
[2025-01-24T10:29:35.873+0900] {logging_mixin.py:190} INFO - [2025-01-24T10:29:35.872+0900] {dag.py:3239} INFO - Sync 1 DAGs
[2025-01-24T10:29:35.881+0900] {logging_mixin.py:190} INFO - [2025-01-24T10:29:35.881+0900] {dag.py:4180} INFO - Setting next_dagrun for DAG_Inference to None, run_after=None
[2025-01-24T10:29:35.900+0900] {processor.py:208} INFO - Processing /home/harry/airflow/dags/.ipynb_checkpoints/DAG_Inference-checkpoint.py took 3.014 seconds
[2025-01-24T10:32:06.622+0900] {processor.py:186} INFO - Started process (PID=26516) to work on /home/harry/airflow/dags/.ipynb_checkpoints/DAG_Inference-checkpoint.py
[2025-01-24T10:32:06.629+0900] {processor.py:914} INFO - Processing file /home/harry/airflow/dags/.ipynb_checkpoints/DAG_Inference-checkpoint.py for tasks to queue
[2025-01-24T10:32:06.630+0900] {logging_mixin.py:190} INFO - [2025-01-24T10:32:06.630+0900] {dagbag.py:588} INFO - Filling up the DagBag from /home/harry/airflow/dags/.ipynb_checkpoints/DAG_Inference-checkpoint.py
[2025-01-24T10:32:09.209+0900] {processor.py:925} INFO - DAG(s) 'DAG_Inference' retrieved from /home/harry/airflow/dags/.ipynb_checkpoints/DAG_Inference-checkpoint.py
[2025-01-24T10:32:09.266+0900] {logging_mixin.py:190} INFO - [2025-01-24T10:32:09.266+0900] {dag.py:3239} INFO - Sync 1 DAGs
[2025-01-24T10:32:09.273+0900] {logging_mixin.py:190} INFO - [2025-01-24T10:32:09.273+0900] {dag.py:4180} INFO - Setting next_dagrun for DAG_Inference to None, run_after=None
[2025-01-24T10:32:09.290+0900] {processor.py:208} INFO - Processing /home/harry/airflow/dags/.ipynb_checkpoints/DAG_Inference-checkpoint.py took 2.673 seconds
[2025-01-24T10:34:39.044+0900] {processor.py:186} INFO - Started process (PID=26930) to work on /home/harry/airflow/dags/.ipynb_checkpoints/DAG_Inference-checkpoint.py
[2025-01-24T10:34:39.046+0900] {processor.py:914} INFO - Processing file /home/harry/airflow/dags/.ipynb_checkpoints/DAG_Inference-checkpoint.py for tasks to queue
[2025-01-24T10:34:39.046+0900] {logging_mixin.py:190} INFO - [2025-01-24T10:34:39.046+0900] {dagbag.py:588} INFO - Filling up the DagBag from /home/harry/airflow/dags/.ipynb_checkpoints/DAG_Inference-checkpoint.py
[2025-01-24T10:34:41.437+0900] {processor.py:925} INFO - DAG(s) 'DAG_Inference' retrieved from /home/harry/airflow/dags/.ipynb_checkpoints/DAG_Inference-checkpoint.py
[2025-01-24T10:34:41.496+0900] {logging_mixin.py:190} INFO - [2025-01-24T10:34:41.496+0900] {dag.py:3239} INFO - Sync 1 DAGs
[2025-01-24T10:34:41.504+0900] {logging_mixin.py:190} INFO - [2025-01-24T10:34:41.503+0900] {dag.py:4180} INFO - Setting next_dagrun for DAG_Inference to None, run_after=None
[2025-01-24T10:34:41.519+0900] {processor.py:208} INFO - Processing /home/harry/airflow/dags/.ipynb_checkpoints/DAG_Inference-checkpoint.py took 2.479 seconds
[2025-01-24T10:37:09.592+0900] {processor.py:186} INFO - Started process (PID=27382) to work on /home/harry/airflow/dags/.ipynb_checkpoints/DAG_Inference-checkpoint.py
[2025-01-24T10:37:09.593+0900] {processor.py:914} INFO - Processing file /home/harry/airflow/dags/.ipynb_checkpoints/DAG_Inference-checkpoint.py for tasks to queue
[2025-01-24T10:37:09.594+0900] {logging_mixin.py:190} INFO - [2025-01-24T10:37:09.594+0900] {dagbag.py:588} INFO - Filling up the DagBag from /home/harry/airflow/dags/.ipynb_checkpoints/DAG_Inference-checkpoint.py
[2025-01-24T10:37:12.300+0900] {processor.py:925} INFO - DAG(s) 'DAG_Inference' retrieved from /home/harry/airflow/dags/.ipynb_checkpoints/DAG_Inference-checkpoint.py
[2025-01-24T10:37:12.358+0900] {logging_mixin.py:190} INFO - [2025-01-24T10:37:12.358+0900] {dag.py:3239} INFO - Sync 1 DAGs
[2025-01-24T10:37:12.365+0900] {logging_mixin.py:190} INFO - [2025-01-24T10:37:12.365+0900] {dag.py:4180} INFO - Setting next_dagrun for DAG_Inference to None, run_after=None
[2025-01-24T10:37:12.379+0900] {processor.py:208} INFO - Processing /home/harry/airflow/dags/.ipynb_checkpoints/DAG_Inference-checkpoint.py took 2.791 seconds
[2025-01-24T10:38:38.281+0900] {processor.py:186} INFO - Started process (PID=27698) to work on /home/harry/airflow/dags/.ipynb_checkpoints/DAG_Inference-checkpoint.py
[2025-01-24T10:38:38.288+0900] {processor.py:914} INFO - Processing file /home/harry/airflow/dags/.ipynb_checkpoints/DAG_Inference-checkpoint.py for tasks to queue
[2025-01-24T10:38:38.289+0900] {logging_mixin.py:190} INFO - [2025-01-24T10:38:38.289+0900] {dagbag.py:588} INFO - Filling up the DagBag from /home/harry/airflow/dags/.ipynb_checkpoints/DAG_Inference-checkpoint.py
[2025-01-24T10:38:40.748+0900] {processor.py:925} INFO - DAG(s) 'DAG_Inference' retrieved from /home/harry/airflow/dags/.ipynb_checkpoints/DAG_Inference-checkpoint.py
[2025-01-24T10:38:40.753+0900] {logging_mixin.py:190} INFO - [2025-01-24T10:38:40.752+0900] {dag.py:3239} INFO - Sync 1 DAGs
[2025-01-24T10:38:40.761+0900] {logging_mixin.py:190} INFO - [2025-01-24T10:38:40.761+0900] {dag.py:4180} INFO - Setting next_dagrun for DAG_Inference to None, run_after=None
[2025-01-24T10:38:40.776+0900] {processor.py:208} INFO - Processing /home/harry/airflow/dags/.ipynb_checkpoints/DAG_Inference-checkpoint.py took 2.499 seconds
[2025-01-24T10:41:24.631+0900] {processor.py:186} INFO - Started process (PID=28212) to work on /home/harry/airflow/dags/.ipynb_checkpoints/DAG_Inference-checkpoint.py
[2025-01-24T10:41:24.639+0900] {processor.py:914} INFO - Processing file /home/harry/airflow/dags/.ipynb_checkpoints/DAG_Inference-checkpoint.py for tasks to queue
[2025-01-24T10:41:24.640+0900] {logging_mixin.py:190} INFO - [2025-01-24T10:41:24.640+0900] {dagbag.py:588} INFO - Filling up the DagBag from /home/harry/airflow/dags/.ipynb_checkpoints/DAG_Inference-checkpoint.py
[2025-01-24T10:41:37.111+0900] {processor.py:925} INFO - DAG(s) 'DAG_Inference' retrieved from /home/harry/airflow/dags/.ipynb_checkpoints/DAG_Inference-checkpoint.py
[2025-01-24T10:41:39.536+0900] {logging_mixin.py:190} INFO - [2025-01-24T10:41:39.535+0900] {dag.py:3239} INFO - Sync 1 DAGs
[2025-01-24T10:41:39.545+0900] {logging_mixin.py:190} INFO - [2025-01-24T10:41:39.545+0900] {dag.py:4180} INFO - Setting next_dagrun for DAG_Inference to None, run_after=None
[2025-01-24T10:41:39.981+0900] {processor.py:208} INFO - Processing /home/harry/airflow/dags/.ipynb_checkpoints/DAG_Inference-checkpoint.py took 15.356 seconds
