[2025-01-24T09:01:24.839+0900] {processor.py:186} INFO - Started process (PID=12525) to work on /home/harry/airflow/dags/.ipynb_checkpoints/DAG_Train-checkpoint.py
[2025-01-24T09:01:24.839+0900] {processor.py:914} INFO - Processing file /home/harry/airflow/dags/.ipynb_checkpoints/DAG_Train-checkpoint.py for tasks to queue
[2025-01-24T09:01:24.840+0900] {logging_mixin.py:190} INFO - [2025-01-24T09:01:24.840+0900] {dagbag.py:588} INFO - Filling up the DagBag from /home/harry/airflow/dags/.ipynb_checkpoints/DAG_Train-checkpoint.py
[2025-01-24T09:01:27.436+0900] {processor.py:925} INFO - DAG(s) 'DAG_Train' retrieved from /home/harry/airflow/dags/.ipynb_checkpoints/DAG_Train-checkpoint.py
[2025-01-24T09:01:27.441+0900] {logging_mixin.py:190} INFO - [2025-01-24T09:01:27.441+0900] {dag.py:3239} INFO - Sync 1 DAGs
[2025-01-24T09:01:27.450+0900] {logging_mixin.py:190} INFO - [2025-01-24T09:01:27.450+0900] {dag.py:4180} INFO - Setting next_dagrun for DAG_Train to None, run_after=None
[2025-01-24T09:01:27.463+0900] {processor.py:208} INFO - Processing /home/harry/airflow/dags/.ipynb_checkpoints/DAG_Train-checkpoint.py took 2.628 seconds
[2025-01-24T09:04:00.389+0900] {processor.py:186} INFO - Started process (PID=12956) to work on /home/harry/airflow/dags/.ipynb_checkpoints/DAG_Train-checkpoint.py
[2025-01-24T09:04:00.397+0900] {processor.py:914} INFO - Processing file /home/harry/airflow/dags/.ipynb_checkpoints/DAG_Train-checkpoint.py for tasks to queue
[2025-01-24T09:04:00.398+0900] {logging_mixin.py:190} INFO - [2025-01-24T09:04:00.397+0900] {dagbag.py:588} INFO - Filling up the DagBag from /home/harry/airflow/dags/.ipynb_checkpoints/DAG_Train-checkpoint.py
[2025-01-24T09:04:03.144+0900] {processor.py:925} INFO - DAG(s) 'DAG_Train' retrieved from /home/harry/airflow/dags/.ipynb_checkpoints/DAG_Train-checkpoint.py
[2025-01-24T09:04:03.200+0900] {logging_mixin.py:190} INFO - [2025-01-24T09:04:03.199+0900] {dag.py:3239} INFO - Sync 1 DAGs
[2025-01-24T09:04:03.206+0900] {logging_mixin.py:190} INFO - [2025-01-24T09:04:03.206+0900] {dag.py:4180} INFO - Setting next_dagrun for DAG_Train to None, run_after=None
[2025-01-24T09:04:03.221+0900] {processor.py:208} INFO - Processing /home/harry/airflow/dags/.ipynb_checkpoints/DAG_Train-checkpoint.py took 2.835 seconds
[2025-01-24T09:06:31.453+0900] {processor.py:186} INFO - Started process (PID=13385) to work on /home/harry/airflow/dags/.ipynb_checkpoints/DAG_Train-checkpoint.py
[2025-01-24T09:06:31.454+0900] {processor.py:914} INFO - Processing file /home/harry/airflow/dags/.ipynb_checkpoints/DAG_Train-checkpoint.py for tasks to queue
[2025-01-24T09:06:31.455+0900] {logging_mixin.py:190} INFO - [2025-01-24T09:06:31.454+0900] {dagbag.py:588} INFO - Filling up the DagBag from /home/harry/airflow/dags/.ipynb_checkpoints/DAG_Train-checkpoint.py
[2025-01-24T09:06:34.026+0900] {processor.py:925} INFO - DAG(s) 'DAG_Train' retrieved from /home/harry/airflow/dags/.ipynb_checkpoints/DAG_Train-checkpoint.py
[2025-01-24T09:06:34.030+0900] {logging_mixin.py:190} INFO - [2025-01-24T09:06:34.030+0900] {dag.py:3239} INFO - Sync 1 DAGs
[2025-01-24T09:06:34.038+0900] {logging_mixin.py:190} INFO - [2025-01-24T09:06:34.037+0900] {dag.py:4180} INFO - Setting next_dagrun for DAG_Train to None, run_after=None
[2025-01-24T09:06:34.051+0900] {processor.py:208} INFO - Processing /home/harry/airflow/dags/.ipynb_checkpoints/DAG_Train-checkpoint.py took 2.603 seconds
[2025-01-24T09:09:05.988+0900] {processor.py:186} INFO - Started process (PID=13819) to work on /home/harry/airflow/dags/.ipynb_checkpoints/DAG_Train-checkpoint.py
[2025-01-24T09:09:05.995+0900] {processor.py:914} INFO - Processing file /home/harry/airflow/dags/.ipynb_checkpoints/DAG_Train-checkpoint.py for tasks to queue
[2025-01-24T09:09:05.996+0900] {logging_mixin.py:190} INFO - [2025-01-24T09:09:05.996+0900] {dagbag.py:588} INFO - Filling up the DagBag from /home/harry/airflow/dags/.ipynb_checkpoints/DAG_Train-checkpoint.py
[2025-01-24T09:09:08.603+0900] {processor.py:925} INFO - DAG(s) 'DAG_Train' retrieved from /home/harry/airflow/dags/.ipynb_checkpoints/DAG_Train-checkpoint.py
[2025-01-24T09:09:08.660+0900] {logging_mixin.py:190} INFO - [2025-01-24T09:09:08.660+0900] {dag.py:3239} INFO - Sync 1 DAGs
[2025-01-24T09:09:08.668+0900] {logging_mixin.py:190} INFO - [2025-01-24T09:09:08.668+0900] {dag.py:4180} INFO - Setting next_dagrun for DAG_Train to None, run_after=None
[2025-01-24T09:09:08.684+0900] {processor.py:208} INFO - Processing /home/harry/airflow/dags/.ipynb_checkpoints/DAG_Train-checkpoint.py took 2.700 seconds
[2025-01-24T09:11:37.369+0900] {processor.py:186} INFO - Started process (PID=14249) to work on /home/harry/airflow/dags/.ipynb_checkpoints/DAG_Train-checkpoint.py
[2025-01-24T09:11:37.376+0900] {processor.py:914} INFO - Processing file /home/harry/airflow/dags/.ipynb_checkpoints/DAG_Train-checkpoint.py for tasks to queue
[2025-01-24T09:11:37.377+0900] {logging_mixin.py:190} INFO - [2025-01-24T09:11:37.377+0900] {dagbag.py:588} INFO - Filling up the DagBag from /home/harry/airflow/dags/.ipynb_checkpoints/DAG_Train-checkpoint.py
[2025-01-24T09:11:39.891+0900] {processor.py:925} INFO - DAG(s) 'DAG_Train' retrieved from /home/harry/airflow/dags/.ipynb_checkpoints/DAG_Train-checkpoint.py
[2025-01-24T09:11:39.896+0900] {logging_mixin.py:190} INFO - [2025-01-24T09:11:39.896+0900] {dag.py:3239} INFO - Sync 1 DAGs
[2025-01-24T09:11:39.903+0900] {logging_mixin.py:190} INFO - [2025-01-24T09:11:39.903+0900] {dag.py:4180} INFO - Setting next_dagrun for DAG_Train to None, run_after=None
[2025-01-24T09:11:39.918+0900] {processor.py:208} INFO - Processing /home/harry/airflow/dags/.ipynb_checkpoints/DAG_Train-checkpoint.py took 2.553 seconds
[2025-01-24T09:14:11.838+0900] {processor.py:186} INFO - Started process (PID=14678) to work on /home/harry/airflow/dags/.ipynb_checkpoints/DAG_Train-checkpoint.py
[2025-01-24T09:14:11.845+0900] {processor.py:914} INFO - Processing file /home/harry/airflow/dags/.ipynb_checkpoints/DAG_Train-checkpoint.py for tasks to queue
[2025-01-24T09:14:11.846+0900] {logging_mixin.py:190} INFO - [2025-01-24T09:14:11.846+0900] {dagbag.py:588} INFO - Filling up the DagBag from /home/harry/airflow/dags/.ipynb_checkpoints/DAG_Train-checkpoint.py
[2025-01-24T09:14:14.365+0900] {processor.py:925} INFO - DAG(s) 'DAG_Train' retrieved from /home/harry/airflow/dags/.ipynb_checkpoints/DAG_Train-checkpoint.py
[2025-01-24T09:14:14.421+0900] {logging_mixin.py:190} INFO - [2025-01-24T09:14:14.421+0900] {dag.py:3239} INFO - Sync 1 DAGs
[2025-01-24T09:14:14.429+0900] {logging_mixin.py:190} INFO - [2025-01-24T09:14:14.429+0900] {dag.py:4180} INFO - Setting next_dagrun for DAG_Train to None, run_after=None
[2025-01-24T09:14:14.443+0900] {processor.py:208} INFO - Processing /home/harry/airflow/dags/.ipynb_checkpoints/DAG_Train-checkpoint.py took 2.609 seconds
[2025-01-24T09:16:46.561+0900] {processor.py:186} INFO - Started process (PID=15108) to work on /home/harry/airflow/dags/.ipynb_checkpoints/DAG_Train-checkpoint.py
[2025-01-24T09:16:46.569+0900] {processor.py:914} INFO - Processing file /home/harry/airflow/dags/.ipynb_checkpoints/DAG_Train-checkpoint.py for tasks to queue
[2025-01-24T09:16:46.570+0900] {logging_mixin.py:190} INFO - [2025-01-24T09:16:46.570+0900] {dagbag.py:588} INFO - Filling up the DagBag from /home/harry/airflow/dags/.ipynb_checkpoints/DAG_Train-checkpoint.py
[2025-01-24T09:16:49.101+0900] {processor.py:925} INFO - DAG(s) 'DAG_Train' retrieved from /home/harry/airflow/dags/.ipynb_checkpoints/DAG_Train-checkpoint.py
[2025-01-24T09:16:49.105+0900] {logging_mixin.py:190} INFO - [2025-01-24T09:16:49.105+0900] {dag.py:3239} INFO - Sync 1 DAGs
[2025-01-24T09:16:49.113+0900] {logging_mixin.py:190} INFO - [2025-01-24T09:16:49.112+0900] {dag.py:4180} INFO - Setting next_dagrun for DAG_Train to None, run_after=None
[2025-01-24T09:16:49.126+0900] {processor.py:208} INFO - Processing /home/harry/airflow/dags/.ipynb_checkpoints/DAG_Train-checkpoint.py took 2.569 seconds
[2025-01-24T09:19:21.621+0900] {processor.py:186} INFO - Started process (PID=15537) to work on /home/harry/airflow/dags/.ipynb_checkpoints/DAG_Train-checkpoint.py
[2025-01-24T09:19:21.628+0900] {processor.py:914} INFO - Processing file /home/harry/airflow/dags/.ipynb_checkpoints/DAG_Train-checkpoint.py for tasks to queue
[2025-01-24T09:19:21.629+0900] {logging_mixin.py:190} INFO - [2025-01-24T09:19:21.629+0900] {dagbag.py:588} INFO - Filling up the DagBag from /home/harry/airflow/dags/.ipynb_checkpoints/DAG_Train-checkpoint.py
[2025-01-24T09:19:24.177+0900] {processor.py:925} INFO - DAG(s) 'DAG_Train' retrieved from /home/harry/airflow/dags/.ipynb_checkpoints/DAG_Train-checkpoint.py
[2025-01-24T09:19:24.230+0900] {logging_mixin.py:190} INFO - [2025-01-24T09:19:24.229+0900] {dag.py:3239} INFO - Sync 1 DAGs
[2025-01-24T09:19:24.237+0900] {logging_mixin.py:190} INFO - [2025-01-24T09:19:24.236+0900] {dag.py:4180} INFO - Setting next_dagrun for DAG_Train to None, run_after=None
[2025-01-24T09:19:24.251+0900] {processor.py:208} INFO - Processing /home/harry/airflow/dags/.ipynb_checkpoints/DAG_Train-checkpoint.py took 2.635 seconds
[2025-01-24T09:21:52.202+0900] {processor.py:186} INFO - Started process (PID=15967) to work on /home/harry/airflow/dags/.ipynb_checkpoints/DAG_Train-checkpoint.py
[2025-01-24T09:21:52.210+0900] {processor.py:914} INFO - Processing file /home/harry/airflow/dags/.ipynb_checkpoints/DAG_Train-checkpoint.py for tasks to queue
[2025-01-24T09:21:52.211+0900] {logging_mixin.py:190} INFO - [2025-01-24T09:21:52.211+0900] {dagbag.py:588} INFO - Filling up the DagBag from /home/harry/airflow/dags/.ipynb_checkpoints/DAG_Train-checkpoint.py
[2025-01-24T09:21:54.897+0900] {processor.py:925} INFO - DAG(s) 'DAG_Train' retrieved from /home/harry/airflow/dags/.ipynb_checkpoints/DAG_Train-checkpoint.py
[2025-01-24T09:21:54.901+0900] {logging_mixin.py:190} INFO - [2025-01-24T09:21:54.901+0900] {dag.py:3239} INFO - Sync 1 DAGs
[2025-01-24T09:21:54.912+0900] {logging_mixin.py:190} INFO - [2025-01-24T09:21:54.911+0900] {dag.py:4180} INFO - Setting next_dagrun for DAG_Train to None, run_after=None
[2025-01-24T09:21:54.930+0900] {processor.py:208} INFO - Processing /home/harry/airflow/dags/.ipynb_checkpoints/DAG_Train-checkpoint.py took 2.731 seconds
[2025-01-24T09:24:30.049+0900] {processor.py:186} INFO - Started process (PID=16407) to work on /home/harry/airflow/dags/.ipynb_checkpoints/DAG_Train-checkpoint.py
[2025-01-24T09:24:30.050+0900] {processor.py:914} INFO - Processing file /home/harry/airflow/dags/.ipynb_checkpoints/DAG_Train-checkpoint.py for tasks to queue
[2025-01-24T09:24:30.051+0900] {logging_mixin.py:190} INFO - [2025-01-24T09:24:30.050+0900] {dagbag.py:588} INFO - Filling up the DagBag from /home/harry/airflow/dags/.ipynb_checkpoints/DAG_Train-checkpoint.py
[2025-01-24T09:24:32.496+0900] {processor.py:925} INFO - DAG(s) 'DAG_Train' retrieved from /home/harry/airflow/dags/.ipynb_checkpoints/DAG_Train-checkpoint.py
[2025-01-24T09:24:32.565+0900] {logging_mixin.py:190} INFO - [2025-01-24T09:24:32.565+0900] {dag.py:3239} INFO - Sync 1 DAGs
[2025-01-24T09:24:32.574+0900] {logging_mixin.py:190} INFO - [2025-01-24T09:24:32.574+0900] {dag.py:4180} INFO - Setting next_dagrun for DAG_Train to None, run_after=None
[2025-01-24T09:24:32.590+0900] {processor.py:208} INFO - Processing /home/harry/airflow/dags/.ipynb_checkpoints/DAG_Train-checkpoint.py took 2.545 seconds
[2025-01-24T09:27:00.981+0900] {processor.py:186} INFO - Started process (PID=16836) to work on /home/harry/airflow/dags/.ipynb_checkpoints/DAG_Train-checkpoint.py
[2025-01-24T09:27:00.989+0900] {processor.py:914} INFO - Processing file /home/harry/airflow/dags/.ipynb_checkpoints/DAG_Train-checkpoint.py for tasks to queue
[2025-01-24T09:27:00.990+0900] {logging_mixin.py:190} INFO - [2025-01-24T09:27:00.990+0900] {dagbag.py:588} INFO - Filling up the DagBag from /home/harry/airflow/dags/.ipynb_checkpoints/DAG_Train-checkpoint.py
[2025-01-24T09:27:03.491+0900] {processor.py:925} INFO - DAG(s) 'DAG_Train' retrieved from /home/harry/airflow/dags/.ipynb_checkpoints/DAG_Train-checkpoint.py
[2025-01-24T09:27:03.495+0900] {logging_mixin.py:190} INFO - [2025-01-24T09:27:03.495+0900] {dag.py:3239} INFO - Sync 1 DAGs
[2025-01-24T09:27:03.503+0900] {logging_mixin.py:190} INFO - [2025-01-24T09:27:03.503+0900] {dag.py:4180} INFO - Setting next_dagrun for DAG_Train to None, run_after=None
[2025-01-24T09:27:03.517+0900] {processor.py:208} INFO - Processing /home/harry/airflow/dags/.ipynb_checkpoints/DAG_Train-checkpoint.py took 2.540 seconds
[2025-01-24T09:29:24.004+0900] {processor.py:186} INFO - Started process (PID=17254) to work on /home/harry/airflow/dags/.ipynb_checkpoints/DAG_Train-checkpoint.py
[2025-01-24T09:29:24.006+0900] {processor.py:914} INFO - Processing file /home/harry/airflow/dags/.ipynb_checkpoints/DAG_Train-checkpoint.py for tasks to queue
[2025-01-24T09:29:24.007+0900] {logging_mixin.py:190} INFO - [2025-01-24T09:29:24.007+0900] {dagbag.py:588} INFO - Filling up the DagBag from /home/harry/airflow/dags/.ipynb_checkpoints/DAG_Train-checkpoint.py
[2025-01-24T09:29:26.799+0900] {processor.py:925} INFO - DAG(s) 'DAG_Train' retrieved from /home/harry/airflow/dags/.ipynb_checkpoints/DAG_Train-checkpoint.py
[2025-01-24T09:29:26.867+0900] {logging_mixin.py:190} INFO - [2025-01-24T09:29:26.867+0900] {dag.py:3239} INFO - Sync 1 DAGs
[2025-01-24T09:29:26.873+0900] {logging_mixin.py:190} INFO - [2025-01-24T09:29:26.873+0900] {dag.py:4180} INFO - Setting next_dagrun for DAG_Train to None, run_after=None
[2025-01-24T09:29:26.889+0900] {processor.py:208} INFO - Processing /home/harry/airflow/dags/.ipynb_checkpoints/DAG_Train-checkpoint.py took 2.890 seconds
[2025-01-24T09:32:19.739+0900] {processor.py:186} INFO - Started process (PID=17707) to work on /home/harry/airflow/dags/.ipynb_checkpoints/DAG_Train-checkpoint.py
[2025-01-24T09:32:19.740+0900] {processor.py:914} INFO - Processing file /home/harry/airflow/dags/.ipynb_checkpoints/DAG_Train-checkpoint.py for tasks to queue
[2025-01-24T09:32:19.744+0900] {logging_mixin.py:190} INFO - [2025-01-24T09:32:19.742+0900] {dagbag.py:588} INFO - Filling up the DagBag from /home/harry/airflow/dags/.ipynb_checkpoints/DAG_Train-checkpoint.py
[2025-01-24T09:32:22.903+0900] {processor.py:925} INFO - DAG(s) 'DAG_Train' retrieved from /home/harry/airflow/dags/.ipynb_checkpoints/DAG_Train-checkpoint.py
[2025-01-24T09:32:22.909+0900] {logging_mixin.py:190} INFO - [2025-01-24T09:32:22.908+0900] {dag.py:3239} INFO - Sync 1 DAGs
[2025-01-24T09:32:22.918+0900] {logging_mixin.py:190} INFO - [2025-01-24T09:32:22.918+0900] {dag.py:4180} INFO - Setting next_dagrun for DAG_Train to None, run_after=None
[2025-01-24T09:32:22.934+0900] {processor.py:208} INFO - Processing /home/harry/airflow/dags/.ipynb_checkpoints/DAG_Train-checkpoint.py took 3.203 seconds
[2025-01-24T09:35:17.174+0900] {processor.py:186} INFO - Started process (PID=18156) to work on /home/harry/airflow/dags/.ipynb_checkpoints/DAG_Train-checkpoint.py
[2025-01-24T09:35:17.182+0900] {processor.py:914} INFO - Processing file /home/harry/airflow/dags/.ipynb_checkpoints/DAG_Train-checkpoint.py for tasks to queue
[2025-01-24T09:35:17.185+0900] {logging_mixin.py:190} INFO - [2025-01-24T09:35:17.184+0900] {dagbag.py:588} INFO - Filling up the DagBag from /home/harry/airflow/dags/.ipynb_checkpoints/DAG_Train-checkpoint.py
[2025-01-24T09:35:20.059+0900] {processor.py:925} INFO - DAG(s) 'DAG_Train' retrieved from /home/harry/airflow/dags/.ipynb_checkpoints/DAG_Train-checkpoint.py
[2025-01-24T09:35:20.133+0900] {logging_mixin.py:190} INFO - [2025-01-24T09:35:20.132+0900] {dag.py:3239} INFO - Sync 1 DAGs
[2025-01-24T09:35:20.141+0900] {logging_mixin.py:190} INFO - [2025-01-24T09:35:20.141+0900] {dag.py:4180} INFO - Setting next_dagrun for DAG_Train to None, run_after=None
[2025-01-24T09:35:20.159+0900] {processor.py:208} INFO - Processing /home/harry/airflow/dags/.ipynb_checkpoints/DAG_Train-checkpoint.py took 2.991 seconds
[2025-01-24T09:38:09.325+0900] {processor.py:186} INFO - Started process (PID=18580) to work on /home/harry/airflow/dags/.ipynb_checkpoints/DAG_Train-checkpoint.py
[2025-01-24T09:38:09.333+0900] {processor.py:914} INFO - Processing file /home/harry/airflow/dags/.ipynb_checkpoints/DAG_Train-checkpoint.py for tasks to queue
[2025-01-24T09:38:09.335+0900] {logging_mixin.py:190} INFO - [2025-01-24T09:38:09.335+0900] {dagbag.py:588} INFO - Filling up the DagBag from /home/harry/airflow/dags/.ipynb_checkpoints/DAG_Train-checkpoint.py
[2025-01-24T09:38:12.631+0900] {processor.py:925} INFO - DAG(s) 'DAG_Train' retrieved from /home/harry/airflow/dags/.ipynb_checkpoints/DAG_Train-checkpoint.py
[2025-01-24T09:38:12.637+0900] {logging_mixin.py:190} INFO - [2025-01-24T09:38:12.637+0900] {dag.py:3239} INFO - Sync 1 DAGs
[2025-01-24T09:38:12.650+0900] {logging_mixin.py:190} INFO - [2025-01-24T09:38:12.649+0900] {dag.py:4180} INFO - Setting next_dagrun for DAG_Train to None, run_after=None
[2025-01-24T09:38:12.669+0900] {processor.py:208} INFO - Processing /home/harry/airflow/dags/.ipynb_checkpoints/DAG_Train-checkpoint.py took 3.354 seconds
[2025-01-24T09:41:07.810+0900] {processor.py:186} INFO - Started process (PID=19015) to work on /home/harry/airflow/dags/.ipynb_checkpoints/DAG_Train-checkpoint.py
[2025-01-24T09:41:07.817+0900] {processor.py:914} INFO - Processing file /home/harry/airflow/dags/.ipynb_checkpoints/DAG_Train-checkpoint.py for tasks to queue
[2025-01-24T09:41:07.818+0900] {logging_mixin.py:190} INFO - [2025-01-24T09:41:07.818+0900] {dagbag.py:588} INFO - Filling up the DagBag from /home/harry/airflow/dags/.ipynb_checkpoints/DAG_Train-checkpoint.py
[2025-01-24T09:41:10.721+0900] {processor.py:925} INFO - DAG(s) 'DAG_Train' retrieved from /home/harry/airflow/dags/.ipynb_checkpoints/DAG_Train-checkpoint.py
[2025-01-24T09:41:10.789+0900] {logging_mixin.py:190} INFO - [2025-01-24T09:41:10.789+0900] {dag.py:3239} INFO - Sync 1 DAGs
[2025-01-24T09:41:10.797+0900] {logging_mixin.py:190} INFO - [2025-01-24T09:41:10.797+0900] {dag.py:4180} INFO - Setting next_dagrun for DAG_Train to None, run_after=None
[2025-01-24T09:41:10.815+0900] {processor.py:208} INFO - Processing /home/harry/airflow/dags/.ipynb_checkpoints/DAG_Train-checkpoint.py took 3.012 seconds
[2025-01-24T09:43:59.452+0900] {processor.py:186} INFO - Started process (PID=19439) to work on /home/harry/airflow/dags/.ipynb_checkpoints/DAG_Train-checkpoint.py
[2025-01-24T09:43:59.459+0900] {processor.py:914} INFO - Processing file /home/harry/airflow/dags/.ipynb_checkpoints/DAG_Train-checkpoint.py for tasks to queue
[2025-01-24T09:43:59.461+0900] {logging_mixin.py:190} INFO - [2025-01-24T09:43:59.461+0900] {dagbag.py:588} INFO - Filling up the DagBag from /home/harry/airflow/dags/.ipynb_checkpoints/DAG_Train-checkpoint.py
[2025-01-24T09:44:02.372+0900] {processor.py:925} INFO - DAG(s) 'DAG_Train' retrieved from /home/harry/airflow/dags/.ipynb_checkpoints/DAG_Train-checkpoint.py
[2025-01-24T09:44:02.378+0900] {logging_mixin.py:190} INFO - [2025-01-24T09:44:02.377+0900] {dag.py:3239} INFO - Sync 1 DAGs
[2025-01-24T09:44:02.387+0900] {logging_mixin.py:190} INFO - [2025-01-24T09:44:02.387+0900] {dag.py:4180} INFO - Setting next_dagrun for DAG_Train to None, run_after=None
[2025-01-24T09:44:02.407+0900] {processor.py:208} INFO - Processing /home/harry/airflow/dags/.ipynb_checkpoints/DAG_Train-checkpoint.py took 2.965 seconds
[2025-01-24T09:46:48.016+0900] {processor.py:186} INFO - Started process (PID=19863) to work on /home/harry/airflow/dags/.ipynb_checkpoints/DAG_Train-checkpoint.py
[2025-01-24T09:46:48.024+0900] {processor.py:914} INFO - Processing file /home/harry/airflow/dags/.ipynb_checkpoints/DAG_Train-checkpoint.py for tasks to queue
[2025-01-24T09:46:48.026+0900] {logging_mixin.py:190} INFO - [2025-01-24T09:46:48.025+0900] {dagbag.py:588} INFO - Filling up the DagBag from /home/harry/airflow/dags/.ipynb_checkpoints/DAG_Train-checkpoint.py
[2025-01-24T09:46:50.920+0900] {processor.py:925} INFO - DAG(s) 'DAG_Train' retrieved from /home/harry/airflow/dags/.ipynb_checkpoints/DAG_Train-checkpoint.py
[2025-01-24T09:46:50.989+0900] {logging_mixin.py:190} INFO - [2025-01-24T09:46:50.988+0900] {dag.py:3239} INFO - Sync 1 DAGs
[2025-01-24T09:46:50.996+0900] {logging_mixin.py:190} INFO - [2025-01-24T09:46:50.996+0900] {dag.py:4180} INFO - Setting next_dagrun for DAG_Train to None, run_after=None
[2025-01-24T09:46:51.013+0900] {processor.py:208} INFO - Processing /home/harry/airflow/dags/.ipynb_checkpoints/DAG_Train-checkpoint.py took 3.004 seconds
[2025-01-24T09:49:44.521+0900] {processor.py:186} INFO - Started process (PID=20297) to work on /home/harry/airflow/dags/.ipynb_checkpoints/DAG_Train-checkpoint.py
[2025-01-24T09:49:44.528+0900] {processor.py:914} INFO - Processing file /home/harry/airflow/dags/.ipynb_checkpoints/DAG_Train-checkpoint.py for tasks to queue
[2025-01-24T09:49:44.530+0900] {logging_mixin.py:190} INFO - [2025-01-24T09:49:44.529+0900] {dagbag.py:588} INFO - Filling up the DagBag from /home/harry/airflow/dags/.ipynb_checkpoints/DAG_Train-checkpoint.py
[2025-01-24T09:49:47.532+0900] {processor.py:925} INFO - DAG(s) 'DAG_Train' retrieved from /home/harry/airflow/dags/.ipynb_checkpoints/DAG_Train-checkpoint.py
[2025-01-24T09:49:47.538+0900] {logging_mixin.py:190} INFO - [2025-01-24T09:49:47.537+0900] {dag.py:3239} INFO - Sync 1 DAGs
[2025-01-24T09:49:47.546+0900] {logging_mixin.py:190} INFO - [2025-01-24T09:49:47.546+0900] {dag.py:4180} INFO - Setting next_dagrun for DAG_Train to None, run_after=None
[2025-01-24T09:49:47.562+0900] {processor.py:208} INFO - Processing /home/harry/airflow/dags/.ipynb_checkpoints/DAG_Train-checkpoint.py took 3.048 seconds
[2025-01-24T09:52:43.860+0900] {processor.py:186} INFO - Started process (PID=20722) to work on /home/harry/airflow/dags/.ipynb_checkpoints/DAG_Train-checkpoint.py
[2025-01-24T09:52:43.861+0900] {processor.py:914} INFO - Processing file /home/harry/airflow/dags/.ipynb_checkpoints/DAG_Train-checkpoint.py for tasks to queue
[2025-01-24T09:52:43.863+0900] {logging_mixin.py:190} INFO - [2025-01-24T09:52:43.862+0900] {dagbag.py:588} INFO - Filling up the DagBag from /home/harry/airflow/dags/.ipynb_checkpoints/DAG_Train-checkpoint.py
[2025-01-24T09:52:46.913+0900] {processor.py:925} INFO - DAG(s) 'DAG_Train' retrieved from /home/harry/airflow/dags/.ipynb_checkpoints/DAG_Train-checkpoint.py
[2025-01-24T09:52:47.142+0900] {logging_mixin.py:190} INFO - [2025-01-24T09:52:47.141+0900] {dag.py:3239} INFO - Sync 1 DAGs
[2025-01-24T09:52:47.150+0900] {logging_mixin.py:190} INFO - [2025-01-24T09:52:47.150+0900] {dag.py:4180} INFO - Setting next_dagrun for DAG_Train to None, run_after=None
[2025-01-24T09:52:47.172+0900] {processor.py:208} INFO - Processing /home/harry/airflow/dags/.ipynb_checkpoints/DAG_Train-checkpoint.py took 3.319 seconds
[2025-01-24T09:55:42.149+0900] {processor.py:186} INFO - Started process (PID=21156) to work on /home/harry/airflow/dags/.ipynb_checkpoints/DAG_Train-checkpoint.py
[2025-01-24T09:55:42.156+0900] {processor.py:914} INFO - Processing file /home/harry/airflow/dags/.ipynb_checkpoints/DAG_Train-checkpoint.py for tasks to queue
[2025-01-24T09:55:42.158+0900] {logging_mixin.py:190} INFO - [2025-01-24T09:55:42.158+0900] {dagbag.py:588} INFO - Filling up the DagBag from /home/harry/airflow/dags/.ipynb_checkpoints/DAG_Train-checkpoint.py
[2025-01-24T09:55:45.122+0900] {processor.py:925} INFO - DAG(s) 'DAG_Train' retrieved from /home/harry/airflow/dags/.ipynb_checkpoints/DAG_Train-checkpoint.py
[2025-01-24T09:55:45.127+0900] {logging_mixin.py:190} INFO - [2025-01-24T09:55:45.127+0900] {dag.py:3239} INFO - Sync 1 DAGs
[2025-01-24T09:55:45.136+0900] {logging_mixin.py:190} INFO - [2025-01-24T09:55:45.136+0900] {dag.py:4180} INFO - Setting next_dagrun for DAG_Train to None, run_after=None
[2025-01-24T09:55:45.155+0900] {processor.py:208} INFO - Processing /home/harry/airflow/dags/.ipynb_checkpoints/DAG_Train-checkpoint.py took 3.014 seconds
[2025-01-24T09:58:42.889+0900] {processor.py:186} INFO - Started process (PID=21590) to work on /home/harry/airflow/dags/.ipynb_checkpoints/DAG_Train-checkpoint.py
[2025-01-24T09:58:42.897+0900] {processor.py:914} INFO - Processing file /home/harry/airflow/dags/.ipynb_checkpoints/DAG_Train-checkpoint.py for tasks to queue
[2025-01-24T09:58:42.899+0900] {logging_mixin.py:190} INFO - [2025-01-24T09:58:42.898+0900] {dagbag.py:588} INFO - Filling up the DagBag from /home/harry/airflow/dags/.ipynb_checkpoints/DAG_Train-checkpoint.py
[2025-01-24T09:58:45.998+0900] {processor.py:925} INFO - DAG(s) 'DAG_Train' retrieved from /home/harry/airflow/dags/.ipynb_checkpoints/DAG_Train-checkpoint.py
[2025-01-24T09:58:46.064+0900] {logging_mixin.py:190} INFO - [2025-01-24T09:58:46.063+0900] {dag.py:3239} INFO - Sync 1 DAGs
[2025-01-24T09:58:46.072+0900] {logging_mixin.py:190} INFO - [2025-01-24T09:58:46.072+0900] {dag.py:4180} INFO - Setting next_dagrun for DAG_Train to None, run_after=None
[2025-01-24T09:58:46.088+0900] {processor.py:208} INFO - Processing /home/harry/airflow/dags/.ipynb_checkpoints/DAG_Train-checkpoint.py took 3.205 seconds
[2025-01-24T10:01:37.561+0900] {processor.py:186} INFO - Started process (PID=22015) to work on /home/harry/airflow/dags/.ipynb_checkpoints/DAG_Train-checkpoint.py
[2025-01-24T10:01:37.569+0900] {processor.py:914} INFO - Processing file /home/harry/airflow/dags/.ipynb_checkpoints/DAG_Train-checkpoint.py for tasks to queue
[2025-01-24T10:01:37.570+0900] {logging_mixin.py:190} INFO - [2025-01-24T10:01:37.570+0900] {dagbag.py:588} INFO - Filling up the DagBag from /home/harry/airflow/dags/.ipynb_checkpoints/DAG_Train-checkpoint.py
[2025-01-24T10:01:40.664+0900] {processor.py:925} INFO - DAG(s) 'DAG_Train' retrieved from /home/harry/airflow/dags/.ipynb_checkpoints/DAG_Train-checkpoint.py
[2025-01-24T10:01:40.671+0900] {logging_mixin.py:190} INFO - [2025-01-24T10:01:40.670+0900] {dag.py:3239} INFO - Sync 1 DAGs
[2025-01-24T10:01:40.682+0900] {logging_mixin.py:190} INFO - [2025-01-24T10:01:40.682+0900] {dag.py:4180} INFO - Setting next_dagrun for DAG_Train to None, run_after=None
[2025-01-24T10:01:40.703+0900] {processor.py:208} INFO - Processing /home/harry/airflow/dags/.ipynb_checkpoints/DAG_Train-checkpoint.py took 3.149 seconds
[2025-01-24T10:04:38.142+0900] {processor.py:186} INFO - Started process (PID=22449) to work on /home/harry/airflow/dags/.ipynb_checkpoints/DAG_Train-checkpoint.py
[2025-01-24T10:04:38.143+0900] {processor.py:914} INFO - Processing file /home/harry/airflow/dags/.ipynb_checkpoints/DAG_Train-checkpoint.py for tasks to queue
[2025-01-24T10:04:38.144+0900] {logging_mixin.py:190} INFO - [2025-01-24T10:04:38.144+0900] {dagbag.py:588} INFO - Filling up the DagBag from /home/harry/airflow/dags/.ipynb_checkpoints/DAG_Train-checkpoint.py
[2025-01-24T10:04:41.136+0900] {processor.py:925} INFO - DAG(s) 'DAG_Train' retrieved from /home/harry/airflow/dags/.ipynb_checkpoints/DAG_Train-checkpoint.py
[2025-01-24T10:04:41.204+0900] {logging_mixin.py:190} INFO - [2025-01-24T10:04:41.203+0900] {dag.py:3239} INFO - Sync 1 DAGs
[2025-01-24T10:04:41.211+0900] {logging_mixin.py:190} INFO - [2025-01-24T10:04:41.210+0900] {dag.py:4180} INFO - Setting next_dagrun for DAG_Train to None, run_after=None
[2025-01-24T10:04:41.226+0900] {processor.py:208} INFO - Processing /home/harry/airflow/dags/.ipynb_checkpoints/DAG_Train-checkpoint.py took 3.091 seconds
[2025-01-24T10:07:37.592+0900] {processor.py:186} INFO - Started process (PID=22883) to work on /home/harry/airflow/dags/.ipynb_checkpoints/DAG_Train-checkpoint.py
[2025-01-24T10:07:37.600+0900] {processor.py:914} INFO - Processing file /home/harry/airflow/dags/.ipynb_checkpoints/DAG_Train-checkpoint.py for tasks to queue
[2025-01-24T10:07:37.601+0900] {logging_mixin.py:190} INFO - [2025-01-24T10:07:37.601+0900] {dagbag.py:588} INFO - Filling up the DagBag from /home/harry/airflow/dags/.ipynb_checkpoints/DAG_Train-checkpoint.py
[2025-01-24T10:07:40.641+0900] {processor.py:925} INFO - DAG(s) 'DAG_Train' retrieved from /home/harry/airflow/dags/.ipynb_checkpoints/DAG_Train-checkpoint.py
[2025-01-24T10:07:40.647+0900] {logging_mixin.py:190} INFO - [2025-01-24T10:07:40.647+0900] {dag.py:3239} INFO - Sync 1 DAGs
[2025-01-24T10:07:40.660+0900] {logging_mixin.py:190} INFO - [2025-01-24T10:07:40.660+0900] {dag.py:4180} INFO - Setting next_dagrun for DAG_Train to None, run_after=None
[2025-01-24T10:07:40.675+0900] {processor.py:208} INFO - Processing /home/harry/airflow/dags/.ipynb_checkpoints/DAG_Train-checkpoint.py took 3.090 seconds
[2025-01-24T10:10:39.623+0900] {processor.py:186} INFO - Started process (PID=23318) to work on /home/harry/airflow/dags/.ipynb_checkpoints/DAG_Train-checkpoint.py
[2025-01-24T10:10:39.630+0900] {processor.py:914} INFO - Processing file /home/harry/airflow/dags/.ipynb_checkpoints/DAG_Train-checkpoint.py for tasks to queue
[2025-01-24T10:10:39.632+0900] {logging_mixin.py:190} INFO - [2025-01-24T10:10:39.632+0900] {dagbag.py:588} INFO - Filling up the DagBag from /home/harry/airflow/dags/.ipynb_checkpoints/DAG_Train-checkpoint.py
[2025-01-24T10:10:42.773+0900] {processor.py:925} INFO - DAG(s) 'DAG_Train' retrieved from /home/harry/airflow/dags/.ipynb_checkpoints/DAG_Train-checkpoint.py
[2025-01-24T10:10:42.840+0900] {logging_mixin.py:190} INFO - [2025-01-24T10:10:42.840+0900] {dag.py:3239} INFO - Sync 1 DAGs
[2025-01-24T10:10:42.848+0900] {logging_mixin.py:190} INFO - [2025-01-24T10:10:42.848+0900] {dag.py:4180} INFO - Setting next_dagrun for DAG_Train to None, run_after=None
[2025-01-24T10:10:42.863+0900] {processor.py:208} INFO - Processing /home/harry/airflow/dags/.ipynb_checkpoints/DAG_Train-checkpoint.py took 3.247 seconds
[2025-01-24T10:13:42.344+0900] {processor.py:186} INFO - Started process (PID=23753) to work on /home/harry/airflow/dags/.ipynb_checkpoints/DAG_Train-checkpoint.py
[2025-01-24T10:13:42.351+0900] {processor.py:914} INFO - Processing file /home/harry/airflow/dags/.ipynb_checkpoints/DAG_Train-checkpoint.py for tasks to queue
[2025-01-24T10:13:42.352+0900] {logging_mixin.py:190} INFO - [2025-01-24T10:13:42.352+0900] {dagbag.py:588} INFO - Filling up the DagBag from /home/harry/airflow/dags/.ipynb_checkpoints/DAG_Train-checkpoint.py
[2025-01-24T10:13:45.317+0900] {processor.py:925} INFO - DAG(s) 'DAG_Train' retrieved from /home/harry/airflow/dags/.ipynb_checkpoints/DAG_Train-checkpoint.py
[2025-01-24T10:13:45.323+0900] {logging_mixin.py:190} INFO - [2025-01-24T10:13:45.323+0900] {dag.py:3239} INFO - Sync 1 DAGs
[2025-01-24T10:13:45.333+0900] {logging_mixin.py:190} INFO - [2025-01-24T10:13:45.332+0900] {dag.py:4180} INFO - Setting next_dagrun for DAG_Train to None, run_after=None
[2025-01-24T10:13:45.355+0900] {processor.py:208} INFO - Processing /home/harry/airflow/dags/.ipynb_checkpoints/DAG_Train-checkpoint.py took 3.018 seconds
[2025-01-24T10:16:39.503+0900] {processor.py:186} INFO - Started process (PID=24187) to work on /home/harry/airflow/dags/.ipynb_checkpoints/DAG_Train-checkpoint.py
[2025-01-24T10:16:39.510+0900] {processor.py:914} INFO - Processing file /home/harry/airflow/dags/.ipynb_checkpoints/DAG_Train-checkpoint.py for tasks to queue
[2025-01-24T10:16:39.511+0900] {logging_mixin.py:190} INFO - [2025-01-24T10:16:39.511+0900] {dagbag.py:588} INFO - Filling up the DagBag from /home/harry/airflow/dags/.ipynb_checkpoints/DAG_Train-checkpoint.py
[2025-01-24T10:16:42.580+0900] {processor.py:925} INFO - DAG(s) 'DAG_Train' retrieved from /home/harry/airflow/dags/.ipynb_checkpoints/DAG_Train-checkpoint.py
[2025-01-24T10:16:42.669+0900] {logging_mixin.py:190} INFO - [2025-01-24T10:16:42.669+0900] {dag.py:3239} INFO - Sync 1 DAGs
[2025-01-24T10:16:42.676+0900] {logging_mixin.py:190} INFO - [2025-01-24T10:16:42.676+0900] {dag.py:4180} INFO - Setting next_dagrun for DAG_Train to None, run_after=None
[2025-01-24T10:16:42.694+0900] {processor.py:208} INFO - Processing /home/harry/airflow/dags/.ipynb_checkpoints/DAG_Train-checkpoint.py took 3.197 seconds
[2025-01-24T10:19:38.580+0900] {processor.py:186} INFO - Started process (PID=24621) to work on /home/harry/airflow/dags/.ipynb_checkpoints/DAG_Train-checkpoint.py
[2025-01-24T10:19:38.587+0900] {processor.py:914} INFO - Processing file /home/harry/airflow/dags/.ipynb_checkpoints/DAG_Train-checkpoint.py for tasks to queue
[2025-01-24T10:19:38.590+0900] {logging_mixin.py:190} INFO - [2025-01-24T10:19:38.588+0900] {dagbag.py:588} INFO - Filling up the DagBag from /home/harry/airflow/dags/.ipynb_checkpoints/DAG_Train-checkpoint.py
[2025-01-24T10:19:41.565+0900] {processor.py:925} INFO - DAG(s) 'DAG_Train' retrieved from /home/harry/airflow/dags/.ipynb_checkpoints/DAG_Train-checkpoint.py
[2025-01-24T10:19:41.571+0900] {logging_mixin.py:190} INFO - [2025-01-24T10:19:41.570+0900] {dag.py:3239} INFO - Sync 1 DAGs
[2025-01-24T10:19:41.581+0900] {logging_mixin.py:190} INFO - [2025-01-24T10:19:41.580+0900] {dag.py:4180} INFO - Setting next_dagrun for DAG_Train to None, run_after=None
[2025-01-24T10:19:41.596+0900] {processor.py:208} INFO - Processing /home/harry/airflow/dags/.ipynb_checkpoints/DAG_Train-checkpoint.py took 3.023 seconds
[2025-01-24T10:22:33.615+0900] {processor.py:186} INFO - Started process (PID=25046) to work on /home/harry/airflow/dags/.ipynb_checkpoints/DAG_Train-checkpoint.py
[2025-01-24T10:22:33.622+0900] {processor.py:914} INFO - Processing file /home/harry/airflow/dags/.ipynb_checkpoints/DAG_Train-checkpoint.py for tasks to queue
[2025-01-24T10:22:33.624+0900] {logging_mixin.py:190} INFO - [2025-01-24T10:22:33.624+0900] {dagbag.py:588} INFO - Filling up the DagBag from /home/harry/airflow/dags/.ipynb_checkpoints/DAG_Train-checkpoint.py
[2025-01-24T10:22:36.591+0900] {processor.py:925} INFO - DAG(s) 'DAG_Train' retrieved from /home/harry/airflow/dags/.ipynb_checkpoints/DAG_Train-checkpoint.py
[2025-01-24T10:22:36.672+0900] {logging_mixin.py:190} INFO - [2025-01-24T10:22:36.672+0900] {dag.py:3239} INFO - Sync 1 DAGs
[2025-01-24T10:22:36.684+0900] {logging_mixin.py:190} INFO - [2025-01-24T10:22:36.683+0900] {dag.py:4180} INFO - Setting next_dagrun for DAG_Train to None, run_after=None
[2025-01-24T10:22:36.704+0900] {processor.py:208} INFO - Processing /home/harry/airflow/dags/.ipynb_checkpoints/DAG_Train-checkpoint.py took 3.100 seconds
[2025-01-24T10:25:27.837+0900] {processor.py:186} INFO - Started process (PID=25470) to work on /home/harry/airflow/dags/.ipynb_checkpoints/DAG_Train-checkpoint.py
[2025-01-24T10:25:27.839+0900] {processor.py:914} INFO - Processing file /home/harry/airflow/dags/.ipynb_checkpoints/DAG_Train-checkpoint.py for tasks to queue
[2025-01-24T10:25:27.840+0900] {logging_mixin.py:190} INFO - [2025-01-24T10:25:27.839+0900] {dagbag.py:588} INFO - Filling up the DagBag from /home/harry/airflow/dags/.ipynb_checkpoints/DAG_Train-checkpoint.py
[2025-01-24T10:25:33.068+0900] {processor.py:925} INFO - DAG(s) 'DAG_Train' retrieved from /home/harry/airflow/dags/.ipynb_checkpoints/DAG_Train-checkpoint.py
[2025-01-24T10:25:33.076+0900] {logging_mixin.py:190} INFO - [2025-01-24T10:25:33.075+0900] {dag.py:3239} INFO - Sync 1 DAGs
[2025-01-24T10:25:33.098+0900] {logging_mixin.py:190} INFO - [2025-01-24T10:25:33.098+0900] {dag.py:4180} INFO - Setting next_dagrun for DAG_Train to None, run_after=None
[2025-01-24T10:25:33.130+0900] {processor.py:208} INFO - Processing /home/harry/airflow/dags/.ipynb_checkpoints/DAG_Train-checkpoint.py took 5.299 seconds
[2025-01-24T10:28:23.881+0900] {processor.py:186} INFO - Started process (PID=25915) to work on /home/harry/airflow/dags/.ipynb_checkpoints/DAG_Train-checkpoint.py
[2025-01-24T10:28:23.888+0900] {processor.py:914} INFO - Processing file /home/harry/airflow/dags/.ipynb_checkpoints/DAG_Train-checkpoint.py for tasks to queue
[2025-01-24T10:28:23.889+0900] {logging_mixin.py:190} INFO - [2025-01-24T10:28:23.889+0900] {dagbag.py:588} INFO - Filling up the DagBag from /home/harry/airflow/dags/.ipynb_checkpoints/DAG_Train-checkpoint.py
[2025-01-24T10:28:26.597+0900] {processor.py:925} INFO - DAG(s) 'DAG_Train' retrieved from /home/harry/airflow/dags/.ipynb_checkpoints/DAG_Train-checkpoint.py
[2025-01-24T10:28:26.656+0900] {logging_mixin.py:190} INFO - [2025-01-24T10:28:26.656+0900] {dag.py:3239} INFO - Sync 1 DAGs
[2025-01-24T10:28:26.663+0900] {logging_mixin.py:190} INFO - [2025-01-24T10:28:26.663+0900] {dag.py:4180} INFO - Setting next_dagrun for DAG_Train to None, run_after=None
[2025-01-24T10:28:26.677+0900] {processor.py:208} INFO - Processing /home/harry/airflow/dags/.ipynb_checkpoints/DAG_Train-checkpoint.py took 2.800 seconds
[2025-01-24T10:30:58.636+0900] {processor.py:186} INFO - Started process (PID=26336) to work on /home/harry/airflow/dags/.ipynb_checkpoints/DAG_Train-checkpoint.py
[2025-01-24T10:30:58.643+0900] {processor.py:914} INFO - Processing file /home/harry/airflow/dags/.ipynb_checkpoints/DAG_Train-checkpoint.py for tasks to queue
[2025-01-24T10:30:58.644+0900] {logging_mixin.py:190} INFO - [2025-01-24T10:30:58.644+0900] {dagbag.py:588} INFO - Filling up the DagBag from /home/harry/airflow/dags/.ipynb_checkpoints/DAG_Train-checkpoint.py
[2025-01-24T10:31:01.143+0900] {processor.py:925} INFO - DAG(s) 'DAG_Train' retrieved from /home/harry/airflow/dags/.ipynb_checkpoints/DAG_Train-checkpoint.py
[2025-01-24T10:31:01.147+0900] {logging_mixin.py:190} INFO - [2025-01-24T10:31:01.147+0900] {dag.py:3239} INFO - Sync 1 DAGs
[2025-01-24T10:31:01.154+0900] {logging_mixin.py:190} INFO - [2025-01-24T10:31:01.154+0900] {dag.py:4180} INFO - Setting next_dagrun for DAG_Train to None, run_after=None
[2025-01-24T10:31:01.169+0900] {processor.py:208} INFO - Processing /home/harry/airflow/dags/.ipynb_checkpoints/DAG_Train-checkpoint.py took 2.537 seconds
[2025-01-24T10:33:33.242+0900] {processor.py:186} INFO - Started process (PID=26751) to work on /home/harry/airflow/dags/.ipynb_checkpoints/DAG_Train-checkpoint.py
[2025-01-24T10:33:33.249+0900] {processor.py:914} INFO - Processing file /home/harry/airflow/dags/.ipynb_checkpoints/DAG_Train-checkpoint.py for tasks to queue
[2025-01-24T10:33:33.250+0900] {logging_mixin.py:190} INFO - [2025-01-24T10:33:33.250+0900] {dagbag.py:588} INFO - Filling up the DagBag from /home/harry/airflow/dags/.ipynb_checkpoints/DAG_Train-checkpoint.py
[2025-01-24T10:33:35.997+0900] {processor.py:925} INFO - DAG(s) 'DAG_Train' retrieved from /home/harry/airflow/dags/.ipynb_checkpoints/DAG_Train-checkpoint.py
[2025-01-24T10:33:36.050+0900] {logging_mixin.py:190} INFO - [2025-01-24T10:33:36.050+0900] {dag.py:3239} INFO - Sync 1 DAGs
[2025-01-24T10:33:36.056+0900] {logging_mixin.py:190} INFO - [2025-01-24T10:33:36.056+0900] {dag.py:4180} INFO - Setting next_dagrun for DAG_Train to None, run_after=None
[2025-01-24T10:33:36.070+0900] {processor.py:208} INFO - Processing /home/harry/airflow/dags/.ipynb_checkpoints/DAG_Train-checkpoint.py took 2.832 seconds
[2025-01-24T10:35:59.802+0900] {processor.py:186} INFO - Started process (PID=27173) to work on /home/harry/airflow/dags/.ipynb_checkpoints/DAG_Train-checkpoint.py
[2025-01-24T10:35:59.809+0900] {processor.py:914} INFO - Processing file /home/harry/airflow/dags/.ipynb_checkpoints/DAG_Train-checkpoint.py for tasks to queue
[2025-01-24T10:35:59.810+0900] {logging_mixin.py:190} INFO - [2025-01-24T10:35:59.810+0900] {dagbag.py:588} INFO - Filling up the DagBag from /home/harry/airflow/dags/.ipynb_checkpoints/DAG_Train-checkpoint.py
[2025-01-24T10:36:02.401+0900] {processor.py:925} INFO - DAG(s) 'DAG_Train' retrieved from /home/harry/airflow/dags/.ipynb_checkpoints/DAG_Train-checkpoint.py
[2025-01-24T10:36:02.406+0900] {logging_mixin.py:190} INFO - [2025-01-24T10:36:02.406+0900] {dag.py:3239} INFO - Sync 1 DAGs
[2025-01-24T10:36:02.413+0900] {logging_mixin.py:190} INFO - [2025-01-24T10:36:02.413+0900] {dag.py:4180} INFO - Setting next_dagrun for DAG_Train to None, run_after=None
[2025-01-24T10:36:02.427+0900] {processor.py:208} INFO - Processing /home/harry/airflow/dags/.ipynb_checkpoints/DAG_Train-checkpoint.py took 2.629 seconds
[2025-01-24T10:38:45.576+0900] {processor.py:186} INFO - Started process (PID=27719) to work on /home/harry/airflow/dags/.ipynb_checkpoints/DAG_Train-checkpoint.py
[2025-01-24T10:38:45.583+0900] {processor.py:914} INFO - Processing file /home/harry/airflow/dags/.ipynb_checkpoints/DAG_Train-checkpoint.py for tasks to queue
[2025-01-24T10:38:45.585+0900] {logging_mixin.py:190} INFO - [2025-01-24T10:38:45.584+0900] {dagbag.py:588} INFO - Filling up the DagBag from /home/harry/airflow/dags/.ipynb_checkpoints/DAG_Train-checkpoint.py
[2025-01-24T10:38:47.967+0900] {processor.py:925} INFO - DAG(s) 'DAG_Train' retrieved from /home/harry/airflow/dags/.ipynb_checkpoints/DAG_Train-checkpoint.py
[2025-01-24T10:38:48.020+0900] {logging_mixin.py:190} INFO - [2025-01-24T10:38:48.020+0900] {dag.py:3239} INFO - Sync 1 DAGs
[2025-01-24T10:38:48.026+0900] {logging_mixin.py:190} INFO - [2025-01-24T10:38:48.026+0900] {dag.py:4180} INFO - Setting next_dagrun for DAG_Train to None, run_after=None
[2025-01-24T10:38:48.041+0900] {processor.py:208} INFO - Processing /home/harry/airflow/dags/.ipynb_checkpoints/DAG_Train-checkpoint.py took 2.468 seconds
[2025-01-24T10:42:15.047+0900] {processor.py:186} INFO - Started process (PID=28232) to work on /home/harry/airflow/dags/.ipynb_checkpoints/DAG_Train-checkpoint.py
[2025-01-24T10:42:15.048+0900] {processor.py:914} INFO - Processing file /home/harry/airflow/dags/.ipynb_checkpoints/DAG_Train-checkpoint.py for tasks to queue
[2025-01-24T10:42:15.050+0900] {logging_mixin.py:190} INFO - [2025-01-24T10:42:15.050+0900] {dagbag.py:588} INFO - Filling up the DagBag from /home/harry/airflow/dags/.ipynb_checkpoints/DAG_Train-checkpoint.py
[2025-01-24T10:43:00.524+0900] {logging_mixin.py:190} INFO - [2025-01-24T10:43:00.523+0900] {timeout.py:68} ERROR - Process timed out, PID: 28232
[2025-01-24T10:43:00.530+0900] {logging_mixin.py:190} INFO - [2025-01-24T10:43:00.529+0900] {dagbag.py:387} ERROR - Failed to import: /home/harry/airflow/dags/.ipynb_checkpoints/DAG_Train-checkpoint.py
Traceback (most recent call last):
  File "/home/harry/.local/lib/python3.10/site-packages/airflow/models/dagbag.py", line 383, in parse
    loader.exec_module(new_module)
  File "<frozen importlib._bootstrap_external>", line 883, in exec_module
  File "<frozen importlib._bootstrap>", line 241, in _call_with_frames_removed
  File "/home/harry/airflow/dags/.ipynb_checkpoints/DAG_Train-checkpoint.py", line 18, in <module>
    import torch
  File "/home/harry/.local/lib/python3.10/site-packages/torch/__init__.py", line 367, in <module>
    from torch._C import *  # noqa: F403
  File "<frozen importlib._bootstrap>", line 216, in _lock_unlock_module
  File "/home/harry/.local/lib/python3.10/site-packages/airflow/utils/timeout.py", line 69, in handle_timeout
    raise AirflowTaskTimeout(self.error_message)
airflow.exceptions.AirflowTaskTimeout: DagBag import timeout for /home/harry/airflow/dags/.ipynb_checkpoints/DAG_Train-checkpoint.py after 30.0s.
Please take a look at these docs to improve your DAG import time:
* https://airflow.apache.org/docs/apache-airflow/2.10.4/best-practices.html#top-level-python-code
* https://airflow.apache.org/docs/apache-airflow/2.10.4/best-practices.html#reducing-dag-complexity, PID: 28232
[2025-01-24T10:43:00.531+0900] {processor.py:927} WARNING - No viable dags retrieved from /home/harry/airflow/dags/.ipynb_checkpoints/DAG_Train-checkpoint.py
[2025-01-24T10:43:00.550+0900] {processor.py:208} INFO - Processing /home/harry/airflow/dags/.ipynb_checkpoints/DAG_Train-checkpoint.py took 45.514 seconds
